d:\vsproject\qfui\qfuieditor\release\vc142.pdb
d:\vsproject\qfui\qfuieditor\release\tinyxml2.obj
d:\vsproject\qfui\qfuieditor\release\main.obj
d:\vsproject\qfui\qfuieditor\release\qwndhandle.obj
d:\vsproject\qfui\qfuieditor\release\qwmange.obj
d:\vsproject\qfui\qfuieditor\release\qfxmlrelolver.obj
d:\vsproject\qfui\qfuieditor\release\qfwindow.obj
d:\vsproject\qfui\qfuieditor\release\qfuirenderer.obj
d:\vsproject\qfui\qfuieditor\release\qfuibase.obj
d:\vsproject\qfui\qfuieditor\release\qftabs.obj
d:\vsproject\qfui\qfuieditor\release\qfreportform.obj
d:\vsproject\qfui\qfuieditor\release\qfprogressbarcar.obj
d:\vsproject\qfui\qfuieditor\release\qfpicturebox.obj
d:\vsproject\qfui\qfuieditor\release\qflinechart.obj
d:\vsproject\qfui\qfuieditor\release\qffrequentlyctrl.obj
d:\vsproject\qfui\qfuieditor\release\qfedit.obj
d:\vsproject\qfui\qfuieditor\release\qfctrllistener.obj
d:\vsproject\qfui\qfuieditor\release\qfcatlctrl.obj
d:\vsproject\qfui\qfuieditor\release\qfbutton.obj
d:\vsproject\qfui\qfuieditor\release\qf3dctrl.obj
d:\vsproject\qfui\qfuieditor\release\dllimportqwnd.obj
d:\vsproject\qfui\release\qfuieditor.exe
d:\vsproject\qfui\qfuieditor\release\qfuieditor.ipdb
d:\vsproject\qfui\qfuieditor\release\qfuieditor.iobj
d:\vsproject\qfui\release\qfuieditor.pdb
d:\vsproject\qfui\release\qfuieditor.lib
d:\vsproject\qfui\release\qfuieditor.exp
d:\vsproject\qfui\qfuieditor\release\qfuieditor.tlog\cl.command.1.tlog
d:\vsproject\qfui\qfuieditor\release\qfuieditor.tlog\cl.read.1.tlog
d:\vsproject\qfui\qfuieditor\release\qfuieditor.tlog\cl.write.1.tlog
d:\vsproject\qfui\qfuieditor\release\qfuieditor.tlog\link.command.1.tlog
d:\vsproject\qfui\qfuieditor\release\qfuieditor.tlog\link.read.1.tlog
d:\vsproject\qfui\qfuieditor\release\qfuieditor.tlog\link.write.1.tlog
d:\vsproject\qfui\qfuieditor\release\qfuieditor.tlog\qfuieditor.write.1u.tlog
