d:\vsproject\qfui\qfsource\release\qfsource.pch
d:\vsproject\qfui\qfsource\release\vc142.pdb
d:\vsproject\qfui\qfsource\release\pch.obj
d:\vsproject\qfui\qfsource\release\dllmain.obj
d:\vsproject\qfui\release\qfsource.dll
d:\vsproject\qfui\qfsource\release\qfsource.ipdb
d:\vsproject\qfui\qfsource\release\qfsource.iobj
d:\vsproject\qfui\release\qfsource.pdb
d:\vsproject\qfui\release\qfsource.lib
d:\vsproject\qfui\release\qfsource.exp
d:\vsproject\qfui\qfsource\release\resource.res
d:\vsproject\qfui\qfsource\release\qfsource.tlog\cl.command.1.tlog
d:\vsproject\qfui\qfsource\release\qfsource.tlog\cl.read.1.tlog
d:\vsproject\qfui\qfsource\release\qfsource.tlog\cl.write.1.tlog
d:\vsproject\qfui\qfsource\release\qfsource.tlog\link.command.1.tlog
d:\vsproject\qfui\qfsource\release\qfsource.tlog\link.read.1.tlog
d:\vsproject\qfui\qfsource\release\qfsource.tlog\link.write.1.tlog
d:\vsproject\qfui\qfsource\release\qfsource.tlog\qfsource.write.1u.tlog
d:\vsproject\qfui\qfsource\release\qfsource.tlog\rc.command.1.tlog
d:\vsproject\qfui\qfsource\release\qfsource.tlog\rc.read.1.tlog
d:\vsproject\qfui\qfsource\release\qfsource.tlog\rc.write.1.tlog
