d:\vsproject\qfui\qfui3d\debug\qfui3d.pch
d:\vsproject\qfui\qfui3d\debug\vc142.pdb
d:\vsproject\qfui\qfui3d\debug\vc142.idb
d:\vsproject\qfui\qfui3d\debug\pch.obj
d:\vsproject\qfui\qfui3d\debug\qfui3d.obj
d:\vsproject\qfui\qfui3d\debug\qfgraph3d.obj
d:\vsproject\qfui\qfui3d\debug\qfctrlbase3d.obj
d:\vsproject\qfui\qfui3d\debug\q3dctrl.obj
d:\vsproject\qfui\qfui3d\debug\dllmain.obj
d:\vsproject\qfui\qfui3d\debug\qfuiwnd.obj
d:\vsproject\qfui\debug\qfui3d.dll
d:\vsproject\qfui\debug\qfui3d.pdb
d:\vsproject\qfui\debug\qfui3d.lib
d:\vsproject\qfui\debug\qfui3d.exp
d:\vsproject\qfui\qfui3d\debug\qfui3d.tlog\cl.command.1.tlog
d:\vsproject\qfui\qfui3d\debug\qfui3d.tlog\cl.read.1.tlog
d:\vsproject\qfui\qfui3d\debug\qfui3d.tlog\cl.write.1.tlog
d:\vsproject\qfui\qfui3d\debug\qfui3d.tlog\link.command.1.tlog
d:\vsproject\qfui\qfui3d\debug\qfui3d.tlog\link.read.1.tlog
d:\vsproject\qfui\qfui3d\debug\qfui3d.tlog\link.write.1.tlog
d:\vsproject\qfui\qfui3d\debug\qfui3d.tlog\qfui3d.write.1u.tlog
