  pch.cpp
  caicoAlgorithm.cpp
  dllmain.cpp
  QFCATLCtrl.cpp
D:\VSproject\QFUI\QFUI\QFCATLCtrl.cpp(53,113): warning C4244: “参数”: 从“double”转换到“Gdiplus::REAL”，可能丢失数据
D:\VSproject\QFUI\QFUI\QFCATLCtrl.cpp(53,96): warning C4244: “参数”: 从“double”转换到“Gdiplus::REAL”，可能丢失数据
D:\VSproject\QFUI\QFUI\QFCATLCtrl.cpp(53,72): warning C4244: “参数”: 从“double”转换到“Gdiplus::REAL”，可能丢失数据
D:\VSproject\QFUI\QFUI\QFCATLCtrl.cpp(57,24): warning C4244: “初始化”: 从“double”转换到“float”，可能丢失数据
D:\VSproject\QFUI\QFUI\QFCATLCtrl.cpp(58,22): warning C4244: “初始化”: 从“double”转换到“float”，可能丢失数据
D:\VSproject\QFUI\QFUI\QFCATLCtrl.cpp(59,22): warning C4244: “初始化”: 从“double”转换到“float”，可能丢失数据
D:\VSproject\QFUI\QFUI\QFCATLCtrl.cpp(99,53): warning C4244: “参数”: 从“float”转换到“int”，可能丢失数据
D:\VSproject\QFUI\QFUI\QFCATLCtrl.cpp(99,24): warning C4244: “参数”: 从“float”转换到“int”，可能丢失数据
D:\VSproject\QFUI\QFUI\QFCATLCtrl.cpp(98,53): warning C4244: “参数”: 从“float”转换到“int”，可能丢失数据
D:\VSproject\QFUI\QFUI\QFCATLCtrl.cpp(125,46): warning C4244: “初始化”: 从“double”转换到“float”，可能丢失数据
D:\VSproject\QFUI\QFUI\QFCATLCtrl.cpp(126,67): warning C4244: “参数”: 从“double”转换到“Gdiplus::REAL”，可能丢失数据
D:\VSproject\QFUI\QFUI\QFCATLCtrl.cpp(155,43): warning C4244: “参数”: 从“double”转换到“float”，可能丢失数据
D:\VSproject\QFUI\QFUI\QFCATLCtrl.cpp(156,80): warning C4244: “参数”: 从“double”转换到“Gdiplus::REAL”，可能丢失数据
D:\VSproject\QFUI\QFUI\QFCATLCtrl.cpp(156,76): warning C4244: “参数”: 从“double”转换到“Gdiplus::REAL”，可能丢失数据
D:\VSproject\QFUI\QFUI\QFCATLCtrl.cpp(156,53): warning C4244: “参数”: 从“double”转换到“Gdiplus::REAL”，可能丢失数据
D:\VSproject\QFUI\QFUI\QFCATLCtrl.cpp(161,31): warning C4244: “参数”: 从“double”转换到“Gdiplus::REAL”，可能丢失数据
D:\VSproject\QFUI\QFUI\QFCATLCtrl.cpp(161,28): warning C4244: “参数”: 从“double”转换到“Gdiplus::REAL”，可能丢失数据
D:\VSproject\QFUI\QFUI\QFCATLCtrl.cpp(165,81): warning C4244: “参数”: 从“float”转换到“int”，可能丢失数据
D:\VSproject\QFUI\QFUI\QFCATLCtrl.cpp(165,51): warning C4244: “参数”: 从“float”转换到“int”，可能丢失数据
D:\VSproject\QFUI\QFUI\QFCATLCtrl.cpp(164,95): warning C4244: “参数”: 从“float”转换到“int”，可能丢失数据
D:\VSproject\QFUI\QFUI\QFCATLCtrl.cpp(164,65): warning C4244: “参数”: 从“float”转换到“int”，可能丢失数据
D:\VSproject\QFUI\QFUI\QFCATLCtrl.cpp(164,35): warning C4244: “参数”: 从“float”转换到“int”，可能丢失数据
D:\VSproject\QFUI\QFUI\QFCATLCtrl.cpp(203,36): warning C4244: “=”: 从“INT”转换到“float”，可能丢失数据
D:\VSproject\QFUI\QFUI\QFCATLCtrl.cpp(213,18): warning C4244: “初始化”: 从“float”转换到“int”，可能丢失数据
D:\VSproject\QFUI\QFUI\QFCATLCtrl.cpp(223,30): warning C4244: “=”: 从“int”转换到“float”，可能丢失数据
D:\VSproject\QFUI\QFUI\QFCATLCtrl.cpp(228,47): warning C4244: “=”: 从“float”转换到“int”，可能丢失数据
D:\VSproject\QFUI\QFUI\QFCATLCtrl.cpp(244,43): warning C4244: “=”: 从“float”转换到“int”，可能丢失数据
D:\VSproject\QFUI\QFUI\QFCATLCtrl.cpp(275,65): warning C4244: “参数”: 从“double”转换到“Gdiplus::REAL”，可能丢失数据
D:\VSproject\QFUI\QFUI\QFCATLCtrl.cpp(275,47): warning C4244: “参数”: 从“double”转换到“Gdiplus::REAL”，可能丢失数据
D:\VSproject\QFUI\QFUI\QFCATLCtrl.cpp(276,27): warning C4244: “参数”: 从“int”转换到“Gdiplus::REAL”，可能丢失数据
D:\VSproject\QFUI\QFUI\QFCATLCtrl.cpp(276,23): warning C4244: “参数”: 从“int”转换到“Gdiplus::REAL”，可能丢失数据
D:\VSproject\QFUI\QFUI\QFCATLCtrl.cpp(277,35): warning C4244: “+=”: 从“double”转换到“float”，可能丢失数据
D:\VSproject\QFUI\QFUI\QFCATLCtrl.cpp(278,36): warning C4244: “+=”: 从“double”转换到“float”，可能丢失数据
D:\VSproject\QFUI\QFUI\QFCATLCtrl.cpp(283,60): warning C4244: “参数”: 从“double”转换到“Gdiplus::REAL”，可能丢失数据
D:\VSproject\QFUI\QFUI\QFCATLCtrl.cpp(283,83): warning C4244: “参数”: 从“int”转换到“Gdiplus::REAL”，可能丢失数据
D:\VSproject\QFUI\QFUI\QFCATLCtrl.cpp(283,79): warning C4244: “参数”: 从“int”转换到“Gdiplus::REAL”，可能丢失数据
D:\VSproject\QFUI\QFUI\QFCATLCtrl.cpp(285,36): warning C4244: “+=”: 从“double”转换到“float”，可能丢失数据
D:\VSproject\QFUI\QFUI\QFCATLCtrl.cpp(310,30): warning C4018: “>”: 有符号/无符号不匹配
D:\VSproject\QFUI\QFUI\QFCATLCtrl.cpp(311,28): warning C4018: “>”: 有符号/无符号不匹配
D:\VSproject\QFUI\QFUI\QFCATLCtrl.cpp(322,30): warning C4018: “>”: 有符号/无符号不匹配
D:\VSproject\QFUI\QFUI\QFCATLCtrl.cpp(332,30): warning C4018: “>”: 有符号/无符号不匹配
D:\VSproject\QFUI\QFUI\QFCATLCtrl.cpp(341,30): warning C4018: “>”: 有符号/无符号不匹配
D:\VSproject\QFUI\QFUI\QFCATLCtrl.cpp(342,28): warning C4018: “>”: 有符号/无符号不匹配
D:\VSproject\QFUI\QFUI\QFCATLCtrl.cpp(350,30): warning C4018: “>”: 有符号/无符号不匹配
D:\VSproject\QFUI\QFUI\QFCATLCtrl.cpp(351,28): warning C4018: “>”: 有符号/无符号不匹配
D:\VSproject\QFUI\QFUI\QFCATLCtrl.cpp(360,30): warning C4018: “>”: 有符号/无符号不匹配
D:\VSproject\QFUI\QFUI\QFCATLCtrl.cpp(361,28): warning C4018: “>”: 有符号/无符号不匹配
D:\VSproject\QFUI\QFUI\QFCATLCtrl.cpp(369,30): warning C4018: “>”: 有符号/无符号不匹配
D:\VSproject\QFUI\QFUI\QFCATLCtrl.cpp(370,28): warning C4018: “>”: 有符号/无符号不匹配
D:\VSproject\QFUI\QFUI\QFCATLCtrl.cpp(378,30): warning C4018: “>”: 有符号/无符号不匹配
D:\VSproject\QFUI\QFUI\QFCATLCtrl.cpp(379,28): warning C4018: “>”: 有符号/无符号不匹配
D:\VSproject\QFUI\QFUI\QFCATLCtrl.cpp(450,24): warning C4018: “>”: 有符号/无符号不匹配
D:\VSproject\QFUI\QFUI\QFCATLCtrl.cpp(465,16): warning C4018: “>”: 有符号/无符号不匹配
D:\VSproject\QFUI\QFUI\QFCATLCtrl.cpp(466,15): warning C4018: “>”: 有符号/无符号不匹配
D:\VSproject\QFUI\QFUI\QFCATLCtrl.cpp(523,44): warning C4244: “return”: 从“double”转换到“float”，可能丢失数据
D:\VSproject\QFUI\QFUI\QFCATLCtrl.cpp(642,21): warning C4244: “参数”: 从“int”转换到“Gdiplus::REAL”，可能丢失数据
D:\VSproject\QFUI\QFUI\QFCATLCtrl.cpp(681,29): warning C4244: “初始化”: 从“double”转换到“int”，可能丢失数据
D:\VSproject\QFUI\QFUI\QFCATLCtrl.cpp(704,117): warning C4244: “参数”: 从“double”转换到“int”，可能丢失数据
D:\VSproject\QFUI\QFUI\QFCATLCtrl.cpp(704,93): warning C4244: “参数”: 从“float”转换到“int”，可能丢失数据
D:\VSproject\QFUI\QFUI\QFCATLCtrl.cpp(704,73): warning C4244: “参数”: 从“float”转换到“int”，可能丢失数据
D:\VSproject\QFUI\QFUI\QFCATLCtrl.cpp(704,51): warning C4244: “参数”: 从“float”转换到“int”，可能丢失数据
D:\VSproject\QFUI\QFUI\QFCATLCtrl.cpp(704,46): warning C4244: “参数”: 从“float”转换到“int”，可能丢失数据
D:\VSproject\QFUI\QFUI\QFCATLCtrl.cpp(704,44): warning C4244: “参数”: 从“float”转换到“int”，可能丢失数据
D:\VSproject\QFUI\QFUI\QFCATLCtrl.cpp(709,42): warning C4018: “<”: 有符号/无符号不匹配
D:\VSproject\QFUI\QFUI\QFCATLCtrl.cpp(781,36): warning C4244: “=”: 从“INT”转换到“float”，可能丢失数据
D:\VSproject\QFUI\QFUI\QFCATLCtrl.cpp(785,18): warning C4244: “初始化”: 从“float”转换到“int”，可能丢失数据
D:\VSproject\QFUI\QFUI\QFCATLCtrl.cpp(795,30): warning C4244: “=”: 从“int”转换到“float”，可能丢失数据
D:\VSproject\QFUI\QFUI\QFCATLCtrl.cpp(800,47): warning C4244: “=”: 从“float”转换到“int”，可能丢失数据
D:\VSproject\QFUI\QFUI\QFCATLCtrl.cpp(815,45): warning C4244: “=”: 从“float”转换到“int”，可能丢失数据
D:\VSproject\QFUI\QFUI\QFCATLCtrl.cpp(834,14): warning C4244: “初始化”: 从“float”转换到“int”，可能丢失数据
D:\VSproject\QFUI\QFUI\QFCATLCtrl.cpp(842,26): warning C4244: “=”: 从“int”转换到“float”，可能丢失数据
D:\VSproject\QFUI\QFUI\QFCATLCtrl.cpp(885,25): warning C4018: “>”: 有符号/无符号不匹配
D:\VSproject\QFUI\QFUI\QFCATLCtrl.cpp(894,23): warning C4018: “>”: 有符号/无符号不匹配
D:\VSproject\QFUI\QFUI\QFCATLCtrl.cpp(912,23): warning C4838: 从“unsigned int”转换到“int”需要收缩转换
D:\VSproject\QFUI\QFUI\QFCATLCtrl.cpp(912,44): warning C4838: 从“unsigned int”转换到“int”需要收缩转换
D:\VSproject\QFUI\QFUI\QFCATLCtrl.cpp(913,25): warning C4838: 从“unsigned int”转换到“int”需要收缩转换
D:\VSproject\QFUI\QFUI\QFCATLCtrl.cpp(913,45): warning C4838: 从“unsigned int”转换到“int”需要收缩转换
D:\VSproject\QFUI\QFUI\QFCATLCtrl.cpp(914,25): warning C4838: 从“unsigned int”转换到“int”需要收缩转换
D:\VSproject\QFUI\QFUI\QFCATLCtrl.cpp(914,45): warning C4838: 从“unsigned int”转换到“int”需要收缩转换
D:\VSproject\QFUI\QFUI\QFCATLCtrl.cpp(915,25): warning C4838: 从“unsigned int”转换到“int”需要收缩转换
D:\VSproject\QFUI\QFUI\QFCATLCtrl.cpp(915,44): warning C4838: 从“unsigned int”转换到“int”需要收缩转换
D:\VSproject\QFUI\QFUI\QFCATLCtrl.cpp(916,25): warning C4838: 从“unsigned int”转换到“int”需要收缩转换
D:\VSproject\QFUI\QFUI\QFCATLCtrl.cpp(916,45): warning C4838: 从“unsigned int”转换到“int”需要收缩转换
D:\VSproject\QFUI\QFUI\QFCATLCtrl.cpp(917,25): warning C4838: 从“unsigned int”转换到“int”需要收缩转换
D:\VSproject\QFUI\QFUI\QFCATLCtrl.cpp(917,45): warning C4838: 从“unsigned int”转换到“int”需要收缩转换
D:\VSproject\QFUI\QFUI\QFCATLCtrl.cpp(956,24): warning C4018: “>”: 有符号/无符号不匹配
D:\VSproject\QFUI\QFUI\QFCATLCtrl.cpp(959,25): warning C4018: “>”: 有符号/无符号不匹配
D:\VSproject\QFUI\QFUI\QFCATLCtrl.cpp(970,24): warning C4018: “>”: 有符号/无符号不匹配
D:\VSproject\QFUI\QFUI\QFCATLCtrl.cpp(973,25): warning C4018: “>”: 有符号/无符号不匹配
D:\VSproject\QFUI\QFUI\QFCATLCtrl.cpp(984,24): warning C4018: “>”: 有符号/无符号不匹配
D:\VSproject\QFUI\QFUI\QFCATLCtrl.cpp(987,25): warning C4018: “>”: 有符号/无符号不匹配
D:\VSproject\QFUI\QFUI\QFCATLCtrl.cpp(996,24): warning C4018: “>”: 有符号/无符号不匹配
D:\VSproject\QFUI\QFUI\QFCATLCtrl.cpp(999,25): warning C4018: “>”: 有符号/无符号不匹配
D:\VSproject\QFUI\QFUI\QFCATLCtrl.cpp(1010,24): warning C4018: “>”: 有符号/无符号不匹配
D:\VSproject\QFUI\QFUI\QFCATLCtrl.cpp(1013,25): warning C4018: “>”: 有符号/无符号不匹配
D:\VSproject\QFUI\QFUI\QFCATLCtrl.cpp(1024,24): warning C4018: “>”: 有符号/无符号不匹配
D:\VSproject\QFUI\QFUI\QFCATLCtrl.cpp(1027,25): warning C4018: “>”: 有符号/无符号不匹配
D:\VSproject\QFUI\QFUI\QFCATLCtrl.cpp(1037,24): warning C4018: “>”: 有符号/无符号不匹配
D:\VSproject\QFUI\QFUI\QFCATLCtrl.cpp(1058,24): warning C4018: “>”: 有符号/无符号不匹配
  QFMsgModule.cpp
  QFNormallyCtrl.cpp
D:\VSproject\QFUI\QFUI\QFPButton.h(11,28): warning C4305: “初始化”: 从“double”到“float”截断
D:\VSproject\QFUI\QFUI\QFNormallyCtrl.h(665,23): warning C4305: “初始化”: 从“double”到“float”截断
D:\VSproject\QFUI\QFUI\QFNormallyCtrl.h(864,20): warning C4305: “初始化”: 从“double”到“float”截断
D:\VSproject\QFUI\QFUI\QFNormallyCtrl.cpp(155,15): warning C4244: “初始化”: 从“INT”转换到“float”，可能丢失数据
D:\VSproject\QFUI\QFUI\QFNormallyCtrl.cpp(158,23): warning C4305: “初始化”: 从“double”到“float”截断
D:\VSproject\QFUI\QFUI\QFNormallyCtrl.cpp(159,89): warning C4244: “参数”: 从“INT”转换到“FLOAT”，可能丢失数据
D:\VSproject\QFUI\QFUI\QFNormallyCtrl.cpp(175,42): warning C4244: “=”: 从“double”转换到“float”，可能丢失数据
D:\VSproject\QFUI\QFUI\QFNormallyCtrl.cpp(176,44): warning C4244: “=”: 从“double”转换到“float”，可能丢失数据
D:\VSproject\QFUI\QFUI\QFNormallyCtrl.cpp(182,23): warning C4305: “初始化”: 从“double”到“float”截断
D:\VSproject\QFUI\QFUI\QFNormallyCtrl.cpp(191,70): warning C4244: “参数”: 从“int”转换到“FLOAT”，可能丢失数据
D:\VSproject\QFUI\QFUI\QFNormallyCtrl.cpp(191,67): warning C4244: “参数”: 从“int”转换到“FLOAT”，可能丢失数据
D:\VSproject\QFUI\QFUI\QFNormallyCtrl.cpp(216,55): warning C4244: “=”: 从“double”转换到“float”，可能丢失数据
D:\VSproject\QFUI\QFUI\QFNormallyCtrl.cpp(217,57): warning C4244: “=”: 从“double”转换到“float”，可能丢失数据
D:\VSproject\QFUI\QFUI\QFNormallyCtrl.cpp(287,85): warning C4305: “参数”: 从“double”到“FLOAT”截断
D:\VSproject\QFUI\QFUI\QFNormallyCtrl.cpp(290,87): warning C4305: “参数”: 从“double”到“FLOAT”截断
D:\VSproject\QFUI\QFUI\QFNormallyCtrl.cpp(291,90): warning C4305: “参数”: 从“double”到“FLOAT”截断
D:\VSproject\QFUI\QFUI\QFNormallyCtrl.cpp(292,90): warning C4305: “参数”: 从“double”到“FLOAT”截断
D:\VSproject\QFUI\QFUI\QFNormallyCtrl.cpp(293,90): warning C4305: “参数”: 从“double”到“FLOAT”截断
D:\VSproject\QFUI\QFUI\QFNormallyCtrl.cpp(295,89): warning C4305: “参数”: 从“double”到“FLOAT”截断
D:\VSproject\QFUI\QFUI\QFNormallyCtrl.cpp(297,76): warning C4244: “参数”: 从“INT”转换到“FLOAT”，可能丢失数据
D:\VSproject\QFUI\QFUI\QFNormallyCtrl.cpp(297,62): warning C4244: “参数”: 从“INT”转换到“FLOAT”，可能丢失数据
D:\VSproject\QFUI\QFUI\QFNormallyCtrl.cpp(298,23): warning C4244: “初始化”: 从“INT”转换到“float”，可能丢失数据
D:\VSproject\QFUI\QFUI\QFNormallyCtrl.cpp(301,31): warning C4305: “初始化”: 从“double”到“float”截断
D:\VSproject\QFUI\QFUI\QFNormallyCtrl.cpp(310,97): warning C4244: “参数”: 从“INT”转换到“FLOAT”，可能丢失数据
D:\VSproject\QFUI\QFUI\QFNormallyCtrl.cpp(327,64): warning C4305: “参数”: 从“double”到“FLOAT”截断
D:\VSproject\QFUI\QFUI\QFNormallyCtrl.cpp(357,49): warning C4244: “=”: 从“double”转换到“float”，可能丢失数据
D:\VSproject\QFUI\QFUI\QFNormallyCtrl.cpp(358,51): warning C4244: “=”: 从“double”转换到“float”，可能丢失数据
D:\VSproject\QFUI\QFUI\QFNormallyCtrl.cpp(364,31): warning C4305: “初始化”: 从“double”到“float”截断
D:\VSproject\QFUI\QFUI\QFNormallyCtrl.cpp(370,103): warning C4244: “参数”: 从“double”转换到“FLOAT”，可能丢失数据
D:\VSproject\QFUI\QFUI\QFNormallyCtrl.cpp(374,101): warning C4244: “参数”: 从“double”转换到“FLOAT”，可能丢失数据
D:\VSproject\QFUI\QFUI\QFNormallyCtrl.cpp(384,134): warning C4244: “参数”: 从“int”转换到“FLOAT”，可能丢失数据
D:\VSproject\QFUI\QFUI\QFNormallyCtrl.cpp(384,124): warning C4244: “参数”: 从“int”转换到“FLOAT”，可能丢失数据
D:\VSproject\QFUI\QFUI\QFNormallyCtrl.cpp(400,34): warning C4244: “初始化”: 从“double”转换到“float”，可能丢失数据
D:\VSproject\QFUI\QFUI\QFNormallyCtrl.cpp(403,65): warning C4244: “=”: 从“double”转换到“float”，可能丢失数据
D:\VSproject\QFUI\QFUI\QFNormallyCtrl.cpp(406,65): warning C4244: “=”: 从“double”转换到“float”，可能丢失数据
D:\VSproject\QFUI\QFUI\QFNormallyCtrl.cpp(414,114): warning C4244: “参数”: 从“double”转换到“FLOAT”，可能丢失数据
D:\VSproject\QFUI\QFUI\QFNormallyCtrl.cpp(414,64): warning C4244: “参数”: 从“double”转换到“FLOAT”，可能丢失数据
D:\VSproject\QFUI\QFUI\QFNormallyCtrl.cpp(415,116): warning C4244: “参数”: 从“double”转换到“FLOAT”，可能丢失数据
D:\VSproject\QFUI\QFUI\QFNormallyCtrl.cpp(415,61): warning C4244: “参数”: 从“double”转换到“FLOAT”，可能丢失数据
D:\VSproject\QFUI\QFUI\QFNormallyCtrl.cpp(423,120): warning C4244: “参数”: 从“double”转换到“FLOAT”，可能丢失数据
D:\VSproject\QFUI\QFUI\QFNormallyCtrl.cpp(423,65): warning C4244: “参数”: 从“double”转换到“FLOAT”，可能丢失数据
D:\VSproject\QFUI\QFUI\QFNormallyCtrl.cpp(424,116): warning C4244: “参数”: 从“double”转换到“FLOAT”，可能丢失数据
D:\VSproject\QFUI\QFUI\QFNormallyCtrl.cpp(424,61): warning C4244: “参数”: 从“double”转换到“FLOAT”，可能丢失数据
D:\VSproject\QFUI\QFUI\QFNormallyCtrl.cpp(462,63): warning C4244: “=”: 从“double”转换到“float”，可能丢失数据
D:\VSproject\QFUI\QFUI\QFNormallyCtrl.cpp(463,65): warning C4244: “=”: 从“double”转换到“float”，可能丢失数据
D:\VSproject\QFUI\QFUI\QFNormallyCtrl.cpp(473,117): warning C4244: “参数”: 从“double”转换到“FLOAT”，可能丢失数据
D:\VSproject\QFUI\QFUI\QFNormallyCtrl.cpp(476,115): warning C4244: “参数”: 从“double”转换到“FLOAT”，可能丢失数据
D:\VSproject\QFUI\QFUI\QFNormallyCtrl.cpp(485,146): warning C4244: “参数”: 从“int”转换到“FLOAT”，可能丢失数据
D:\VSproject\QFUI\QFUI\QFNormallyCtrl.cpp(485,136): warning C4244: “参数”: 从“int”转换到“FLOAT”，可能丢失数据
D:\VSproject\QFUI\QFUI\QFNormallyCtrl.cpp(536,15): warning C4244: “初始化”: 从“INT”转换到“float”，可能丢失数据
D:\VSproject\QFUI\QFUI\QFNormallyCtrl.cpp(539,23): warning C4305: “初始化”: 从“double”到“float”截断
D:\VSproject\QFUI\QFUI\QFNormallyCtrl.cpp(540,89): warning C4244: “参数”: 从“INT”转换到“FLOAT”，可能丢失数据
D:\VSproject\QFUI\QFUI\QFNormallyCtrl.cpp(555,42): warning C4244: “=”: 从“double”转换到“float”，可能丢失数据
D:\VSproject\QFUI\QFUI\QFNormallyCtrl.cpp(556,44): warning C4244: “=”: 从“double”转换到“float”，可能丢失数据
D:\VSproject\QFUI\QFUI\QFNormallyCtrl.cpp(562,23): warning C4305: “初始化”: 从“double”到“float”截断
D:\VSproject\QFUI\QFUI\QFNormallyCtrl.cpp(589,55): warning C4244: “=”: 从“double”转换到“float”，可能丢失数据
D:\VSproject\QFUI\QFUI\QFNormallyCtrl.cpp(590,57): warning C4244: “=”: 从“double”转换到“float”，可能丢失数据
D:\VSproject\QFUI\QFUI\QFNormallyCtrl.cpp(635,15): warning C4244: “初始化”: 从“INT”转换到“float”，可能丢失数据
D:\VSproject\QFUI\QFUI\QFNormallyCtrl.cpp(638,23): warning C4305: “初始化”: 从“double”到“float”截断
D:\VSproject\QFUI\QFUI\QFNormallyCtrl.cpp(639,89): warning C4244: “参数”: 从“INT”转换到“FLOAT”，可能丢失数据
D:\VSproject\QFUI\QFUI\QFNormallyCtrl.cpp(655,42): warning C4244: “=”: 从“double”转换到“float”，可能丢失数据
D:\VSproject\QFUI\QFUI\QFNormallyCtrl.cpp(656,44): warning C4244: “=”: 从“double”转换到“float”，可能丢失数据
D:\VSproject\QFUI\QFUI\QFNormallyCtrl.cpp(662,23): warning C4305: “初始化”: 从“double”到“float”截断
D:\VSproject\QFUI\QFUI\QFNormallyCtrl.cpp(671,72): warning C4244: “参数”: 从“int”转换到“FLOAT”，可能丢失数据
D:\VSproject\QFUI\QFUI\QFNormallyCtrl.cpp(671,68): warning C4244: “参数”: 从“int”转换到“FLOAT”，可能丢失数据
D:\VSproject\QFUI\QFUI\QFNormallyCtrl.cpp(697,55): warning C4244: “=”: 从“double”转换到“float”，可能丢失数据
D:\VSproject\QFUI\QFUI\QFNormallyCtrl.cpp(698,57): warning C4244: “=”: 从“double”转换到“float”，可能丢失数据
D:\VSproject\QFUI\QFUI\QFNormallyCtrl.cpp(708,84): warning C4244: “参数”: 从“int”转换到“FLOAT”，可能丢失数据
D:\VSproject\QFUI\QFUI\QFNormallyCtrl.cpp(708,80): warning C4244: “参数”: 从“int”转换到“FLOAT”，可能丢失数据
D:\VSproject\QFUI\QFUI\QFNormallyCtrl.cpp(1253,56): warning C4244: “=”: 从“int”转换到“float”，可能丢失数据
D:\VSproject\QFUI\QFUI\QFNormallyCtrl.cpp(1258,47): warning C4244: “=”: 从“int”转换到“float”，可能丢失数据
D:\VSproject\QFUI\QFUI\QFNormallyCtrl.cpp(1263,57): warning C4244: “=”: 从“int”转换到“float”，可能丢失数据
D:\VSproject\QFUI\QFUI\QFNormallyCtrl.cpp(1268,47): warning C4244: “=”: 从“int”转换到“float”，可能丢失数据
D:\VSproject\QFUI\QFUI\QFNormallyCtrl.cpp(1274,47): warning C4244: “=”: 从“int”转换到“float”，可能丢失数据
D:\VSproject\QFUI\QFUI\QFNormallyCtrl.cpp(1275,48): warning C4244: “=”: 从“int”转换到“float”，可能丢失数据
D:\VSproject\QFUI\QFUI\QFNormallyCtrl.cpp(1446,32): warning C4244: “=”: 从“float”转换到“INT”，可能丢失数据
D:\VSproject\QFUI\QFUI\QFNormallyCtrl.cpp(1447,40): warning C4244: “=”: 从“float”转换到“INT”，可能丢失数据
D:\VSproject\QFUI\QFUI\QFNormallyCtrl.cpp(1500,40): warning C4244: “=”: 从“float”转换到“INT”，可能丢失数据
D:\VSproject\QFUI\QFUI\QFNormallyCtrl.cpp(1552,41): warning C4244: “=”: 从“float”转换到“INT”，可能丢失数据
D:\VSproject\QFUI\QFUI\QFNormallyCtrl.cpp(1605,32): warning C4244: “=”: 从“float”转换到“INT”，可能丢失数据
D:\VSproject\QFUI\QFUI\QFNormallyCtrl.cpp(1606,39): warning C4244: “=”: 从“float”转换到“INT”，可能丢失数据
D:\VSproject\QFUI\QFUI\QFNormallyCtrl.cpp(1636,39): warning C4244: “=”: 从“float”转换到“INT”，可能丢失数据
D:\VSproject\QFUI\QFUI\QFNormallyCtrl.cpp(1637,40): warning C4244: “=”: 从“float”转换到“INT”，可能丢失数据
D:\VSproject\QFUI\QFUI\QFNormallyCtrl.cpp(1767,76): warning C4244: “参数”: 从“INT”转换到“FLOAT”，可能丢失数据
D:\VSproject\QFUI\QFUI\QFNormallyCtrl.cpp(1767,62): warning C4244: “参数”: 从“INT”转换到“FLOAT”，可能丢失数据
D:\VSproject\QFUI\QFUI\QFNormallyCtrl.cpp(1786,75): warning C4244: “参数”: 从“const _Ty”转换到“FLOAT”，可能丢失数据
          with
          [
              _Ty=int
          ]
D:\VSproject\QFUI\QFUI\QFNormallyCtrl.cpp(1786,31): warning C4244: “参数”: 从“const _Ty”转换到“FLOAT”，可能丢失数据
          with
          [
              _Ty=int
          ]
D:\VSproject\QFUI\QFUI\QFNormallyCtrl.cpp(1785,102): warning C4244: “参数”: 从“const _Ty”转换到“FLOAT”，可能丢失数据
          with
          [
              _Ty=int
          ]
D:\VSproject\QFUI\QFUI\QFNormallyCtrl.cpp(1785,58): warning C4244: “参数”: 从“const _Ty”转换到“FLOAT”，可能丢失数据
          with
          [
              _Ty=int
          ]
D:\VSproject\QFUI\QFUI\QFNormallyCtrl.cpp(1970,37): warning C4018: “<”: 有符号/无符号不匹配
D:\VSproject\QFUI\QFUI\QFNormallyCtrl.cpp(2294,40): warning C4244: “=”: 从“float”转换到“INT”，可能丢失数据
D:\VSproject\QFUI\QFUI\QFNormallyCtrl.cpp(2374,40): warning C4244: “=”: 从“float”转换到“INT”，可能丢失数据
D:\VSproject\QFUI\QFUI\QFNormallyCtrl.cpp(2402,24): warning C4018: “<”: 有符号/无符号不匹配
D:\VSproject\QFUI\QFUI\QFNormallyCtrl.cpp(2407,23): warning C4244: “参数”: 从“__int64”转换到“unsigned int”，可能丢失数据
D:\VSproject\QFUI\QFUI\QFNormallyCtrl.cpp(2415,30): warning C4018: “<”: 有符号/无符号不匹配
D:\VSproject\QFUI\QFUI\QFNormallyCtrl.cpp(2449,43): warning C4244: “参数”: 从“__int64”转换到“INT”，可能丢失数据
D:\VSproject\QFUI\QFUI\QFNormallyCtrl.cpp(2449,35): warning C4244: “参数”: 从“__int64”转换到“INT”，可能丢失数据
D:\VSproject\QFUI\QFUI\QFNormallyCtrl.cpp(2655,71): warning C4554: “&”: 检查运算符优先级是否存在的可能的错误；使用括号阐明优先级
D:\VSproject\QFUI\QFUI\QFNormallyCtrl.cpp(2679,71): warning C4554: “&”: 检查运算符优先级是否存在的可能的错误；使用括号阐明优先级
D:\VSproject\QFUI\QFUI\QFNormallyCtrl.cpp(2682,49): warning C4806: “&”: 不安全操作: 从类型“bool”提升到类型“int”的值不能等于给定的常量
D:\VSproject\QFUI\QFUI\QFNormallyCtrl.cpp(2682,53): warning C4554: “&”: 检查运算符优先级是否存在的可能的错误；使用括号阐明优先级
D:\VSproject\QFUI\QFUI\QFNormallyCtrl.cpp(2826,32): warning C4244: “=”: 从“float”转换到“INT”，可能丢失数据
D:\VSproject\QFUI\QFUI\QFNormallyCtrl.cpp(3502,71): warning C4554: “&”: 检查运算符优先级是否存在的可能的错误；使用括号阐明优先级
D:\VSproject\QFUI\QFUI\QFNormallyCtrl.cpp(3526,71): warning C4554: “&”: 检查运算符优先级是否存在的可能的错误；使用括号阐明优先级
D:\VSproject\QFUI\QFUI\QFNormallyCtrl.cpp(3529,49): warning C4806: “&”: 不安全操作: 从类型“bool”提升到类型“int”的值不能等于给定的常量
D:\VSproject\QFUI\QFUI\QFNormallyCtrl.cpp(3529,53): warning C4554: “&”: 检查运算符优先级是否存在的可能的错误；使用括号阐明优先级
D:\VSproject\QFUI\QFUI\QFNormallyCtrl.cpp(3674,33): warning C4244: “=”: 从“float”转换到“INT”，可能丢失数据
D:\VSproject\QFUI\QFUI\QFNormallyCtrl.cpp(3806,41): warning C4244: “=”: 从“float”转换到“INT”，可能丢失数据
D:\VSproject\QFUI\QFUI\QFNormallyCtrl.cpp(3884,41): warning C4244: “=”: 从“float”转换到“INT”，可能丢失数据
D:\VSproject\QFUI\QFUI\QFNormallyCtrl.cpp(3912,24): warning C4018: “<”: 有符号/无符号不匹配
D:\VSproject\QFUI\QFUI\QFNormallyCtrl.cpp(3917,23): warning C4244: “参数”: 从“__int64”转换到“unsigned int”，可能丢失数据
D:\VSproject\QFUI\QFUI\QFNormallyCtrl.cpp(3925,30): warning C4018: “<”: 有符号/无符号不匹配
D:\VSproject\QFUI\QFUI\QFNormallyCtrl.cpp(3959,43): warning C4244: “参数”: 从“__int64”转换到“INT”，可能丢失数据
D:\VSproject\QFUI\QFUI\QFNormallyCtrl.cpp(3959,35): warning C4244: “参数”: 从“__int64”转换到“INT”，可能丢失数据
D:\VSproject\QFUI\QFUI\QFNormallyCtrl.cpp(4434,36): warning C4244: “参数”: 从“__int64”转换到“INT”，可能丢失数据
D:\VSproject\QFUI\QFUI\QFNormallyCtrl.cpp(4434,28): warning C4244: “参数”: 从“__int64”转换到“INT”，可能丢失数据
D:\VSproject\QFUI\QFUI\QFNormallyCtrl.cpp(4492,9): warning C4244: “参数”: 从“double”转换到“FLOAT”，可能丢失数据
D:\VSproject\QFUI\QFUI\QFNormallyCtrl.cpp(4567,9): warning C4244: “参数”: 从“double”转换到“FLOAT”，可能丢失数据
D:\VSproject\QFUI\QFUI\QFNormallyCtrl.cpp(4593,9): warning C4244: “参数”: 从“double”转换到“FLOAT”，可能丢失数据
D:\VSproject\QFUI\QFUI\QFNormallyCtrl.cpp(4665,111): warning C4244: “参数”: 从“double”转换到“FLOAT”，可能丢失数据
D:\VSproject\QFUI\QFUI\QFNormallyCtrl.cpp(4666,118): warning C4244: “参数”: 从“double”转换到“FLOAT”，可能丢失数据
D:\VSproject\QFUI\QFUI\QFNormallyCtrl.cpp(4667,70): warning C4244: “参数”: 从“INT”转换到“FLOAT”，可能丢失数据
D:\VSproject\QFUI\QFUI\QFNormallyCtrl.cpp(4667,56): warning C4244: “参数”: 从“INT”转换到“FLOAT”，可能丢失数据
D:\VSproject\QFUI\QFUI\QFNormallyCtrl.cpp(4926,97): warning C4244: “参数”: 从“unsigned int”转换到“FLOAT”，可能丢失数据
D:\VSproject\QFUI\QFUI\QFNormallyCtrl.cpp(4928,70): warning C4244: “参数”: 从“INT”转换到“FLOAT”，可能丢失数据
D:\VSproject\QFUI\QFUI\QFNormallyCtrl.cpp(4928,56): warning C4244: “参数”: 从“INT”转换到“FLOAT”，可能丢失数据
D:\VSproject\QFUI\QFUI\QFNormallyCtrl.cpp(5300,21): warning C4244: “初始化”: 从“double”转换到“float”，可能丢失数据
D:\VSproject\QFUI\QFUI\QFNormallyCtrl.cpp(5304,66): warning C4244: “参数”: 从“INT”转换到“FLOAT”，可能丢失数据
D:\VSproject\QFUI\QFUI\QFNormallyCtrl.cpp(5304,52): warning C4244: “参数”: 从“INT”转换到“FLOAT”，可能丢失数据
D:\VSproject\QFUI\QFUI\QFNormallyCtrl.cpp(5313,106): warning C4244: “参数”: 从“double”转换到“FLOAT”，可能丢失数据
D:\VSproject\QFUI\QFUI\QFNormallyCtrl.cpp(5319,59): warning C4244: “参数”: 从“int”转换到“FLOAT”，可能丢失数据
D:\VSproject\QFUI\QFUI\QFNormallyCtrl.cpp(5319,51): warning C4244: “参数”: 从“INT”转换到“FLOAT”，可能丢失数据
D:\VSproject\QFUI\QFUI\QFNormallyCtrl.cpp(5321,116): warning C4244: “参数”: 从“double”转换到“FLOAT”，可能丢失数据
D:\VSproject\QFUI\QFUI\QFNormallyCtrl.cpp(5324,57): warning C4244: “参数”: 从“int”转换到“FLOAT”，可能丢失数据
D:\VSproject\QFUI\QFUI\QFNormallyCtrl.cpp(5324,49): warning C4244: “参数”: 从“INT”转换到“FLOAT”，可能丢失数据
D:\VSproject\QFUI\QFUI\QFNormallyCtrl.cpp(5324,39): warning C4244: “参数”: 从“int”转换到“FLOAT”，可能丢失数据
D:\VSproject\QFUI\QFUI\QFNormallyCtrl.cpp(5332,26): warning C4244: “初始化”: 从“double”转换到“float”，可能丢失数据
D:\VSproject\QFUI\QFUI\QFNormallyCtrl.cpp(5334,26): warning C4244: “初始化”: 从“double”转换到“float”，可能丢失数据
D:\VSproject\QFUI\QFUI\QFNormallyCtrl.cpp(5340,13): warning C4305: “参数”: 从“double”到“FLOAT”截断
D:\VSproject\QFUI\QFUI\QFNormallyCtrl.cpp(5383,68): warning C4305: “参数”: 从“double”到“FLOAT”截断
D:\VSproject\QFUI\QFUI\QFNormallyCtrl.cpp(5408,69): warning C4305: “参数”: 从“double”到“FLOAT”截断
D:\VSproject\QFUI\QFUI\QFNormallyCtrl.cpp(5436,71): warning C4244: “参数”: 从“const _Ty”转换到“FLOAT”，可能丢失数据
          with
          [
              _Ty=int
          ]
D:\VSproject\QFUI\QFUI\QFNormallyCtrl.cpp(5436,27): warning C4244: “参数”: 从“const _Ty”转换到“FLOAT”，可能丢失数据
          with
          [
              _Ty=int
          ]
D:\VSproject\QFUI\QFUI\QFNormallyCtrl.cpp(5435,98): warning C4244: “参数”: 从“const _Ty”转换到“FLOAT”，可能丢失数据
          with
          [
              _Ty=int
          ]
D:\VSproject\QFUI\QFUI\QFNormallyCtrl.cpp(5435,54): warning C4244: “参数”: 从“const _Ty”转换到“FLOAT”，可能丢失数据
          with
          [
              _Ty=int
          ]
D:\VSproject\QFUI\QFUI\QFNormallyCtrl.cpp(5622,38): warning C4244: “=”: 从“float”转换到“INT”，可能丢失数据
D:\VSproject\QFUI\QFUI\QFNormallyCtrl.cpp(5640,39): warning C4244: “=”: 从“float”转换到“INT”，可能丢失数据
D:\VSproject\QFUI\QFUI\QFNormallyCtrl.cpp(5715,56): warning C4244: “=”: 从“int”转换到“float”，可能丢失数据
D:\VSproject\QFUI\QFUI\QFNormallyCtrl.cpp(5720,57): warning C4244: “=”: 从“int”转换到“float”，可能丢失数据
D:\VSproject\QFUI\QFUI\QFNormallyCtrl.cpp(5983,31): warning C4244: “参数”: 从“__int64”转换到“int”，可能丢失数据
D:\VSproject\QFUI\QFUI\QFNormallyCtrl.cpp(6023,30): warning C4018: “<”: 有符号/无符号不匹配
D:\VSproject\QFUI\QFUI\QFNormallyCtrl.cpp(6201,71): warning C4554: “&”: 检查运算符优先级是否存在的可能的错误；使用括号阐明优先级
D:\VSproject\QFUI\QFUI\QFNormallyCtrl.cpp(6226,71): warning C4554: “&”: 检查运算符优先级是否存在的可能的错误；使用括号阐明优先级
D:\VSproject\QFUI\QFUI\QFNormallyCtrl.cpp(6229,49): warning C4806: “&”: 不安全操作: 从类型“bool”提升到类型“int”的值不能等于给定的常量
D:\VSproject\QFUI\QFUI\QFNormallyCtrl.cpp(6229,53): warning C4554: “&”: 检查运算符优先级是否存在的可能的错误；使用括号阐明优先级
D:\VSproject\QFUI\QFUI\QFNormallyCtrl.cpp(6426,26): warning C4244: “初始化”: 从“int”转换到“FLOAT”，可能丢失数据
D:\VSproject\QFUI\QFUI\QFNormallyCtrl.cpp(6446,30): warning C4244: “初始化”: 从“int”转换到“FLOAT”，可能丢失数据
D:\VSproject\QFUI\QFUI\QFNormallyCtrl.cpp(6447,29): warning C4244: “初始化”: 从“const INT”转换到“FLOAT”，可能丢失数据
D:\VSproject\QFUI\QFUI\QFNormallyCtrl.cpp(6448,30): warning C4244: “初始化”: 从“const INT”转换到“FLOAT”，可能丢失数据
D:\VSproject\QFUI\QFUI\QFNormallyCtrl.cpp(6461,56): warning C4244: “参数”: 从“const INT”转换到“FLOAT”，可能丢失数据
D:\VSproject\QFUI\QFUI\QFNormallyCtrl.cpp(6469,76): warning C4244: “参数”: 从“const INT”转换到“FLOAT”，可能丢失数据
D:\VSproject\QFUI\QFUI\QFNormallyCtrl.cpp(6490,30): warning C4244: “初始化”: 从“int”转换到“FLOAT”，可能丢失数据
D:\VSproject\QFUI\QFUI\QFNormallyCtrl.cpp(6491,29): warning C4244: “初始化”: 从“const INT”转换到“FLOAT”，可能丢失数据
D:\VSproject\QFUI\QFUI\QFNormallyCtrl.cpp(6492,30): warning C4244: “初始化”: 从“const INT”转换到“FLOAT”，可能丢失数据
D:\VSproject\QFUI\QFUI\QFNormallyCtrl.cpp(6503,55): warning C4244: “参数”: 从“const INT”转换到“FLOAT”，可能丢失数据
D:\VSproject\QFUI\QFUI\QFNormallyCtrl.cpp(6518,39): warning C4244: “参数”: 从“const INT”转换到“FLOAT”，可能丢失数据
D:\VSproject\QFUI\QFUI\QFNormallyCtrl.cpp(6564,32): warning C4244: “初始化”: 从“FLOAT”转换到“int”，可能丢失数据
D:\VSproject\QFUI\QFUI\QFNormallyCtrl.cpp(6582,32): warning C4244: “初始化”: 从“FLOAT”转换到“int”，可能丢失数据
D:\VSproject\QFUI\QFUI\QFNormallyCtrl.cpp(6614,17): warning C4305: “参数”: 从“double”到“FLOAT”截断
D:\VSproject\QFUI\QFUI\QFNormallyCtrl.cpp(6652,96): warning C4305: “参数”: 从“double”到“FLOAT”截断
D:\VSproject\QFUI\QFUI\QFNormallyCtrl.cpp(6683,22): warning C4244: “初始化”: 从“int”转换到“FLOAT”，可能丢失数据
D:\VSproject\QFUI\QFUI\QFNormallyCtrl.cpp(6684,21): warning C4244: “初始化”: 从“const INT”转换到“FLOAT”，可能丢失数据
D:\VSproject\QFUI\QFUI\QFNormallyCtrl.cpp(6685,22): warning C4244: “初始化”: 从“const INT”转换到“FLOAT”，可能丢失数据
D:\VSproject\QFUI\QFUI\QFNormallyCtrl.cpp(6695,47): warning C4244: “参数”: 从“FLOAT”转换到“INT”，可能丢失数据
D:\VSproject\QFUI\QFUI\QFNormallyCtrl.cpp(6695,35): warning C4244: “参数”: 从“FLOAT”转换到“INT”，可能丢失数据
D:\VSproject\QFUI\QFUI\QFNormallyCtrl.cpp(6695,20): warning C4244: “参数”: 从“FLOAT”转换到“INT”，可能丢失数据
D:\VSproject\QFUI\QFUI\QFNormallyCtrl.cpp(6701,22): warning C4244: “初始化”: 从“int”转换到“FLOAT”，可能丢失数据
D:\VSproject\QFUI\QFUI\QFNormallyCtrl.cpp(6702,21): warning C4244: “初始化”: 从“const INT”转换到“FLOAT”，可能丢失数据
D:\VSproject\QFUI\QFUI\QFNormallyCtrl.cpp(6703,22): warning C4244: “初始化”: 从“const INT”转换到“FLOAT”，可能丢失数据
D:\VSproject\QFUI\QFUI\QFNormallyCtrl.cpp(6712,45): warning C4244: “参数”: 从“FLOAT”转换到“INT”，可能丢失数据
D:\VSproject\QFUI\QFUI\QFNormallyCtrl.cpp(6712,31): warning C4244: “参数”: 从“FLOAT”转换到“INT”，可能丢失数据
D:\VSproject\QFUI\QFUI\QFNormallyCtrl.cpp(6712,23): warning C4244: “参数”: 从“FLOAT”转换到“INT”，可能丢失数据
D:\VSproject\QFUI\QFUI\QFNormallyCtrl.cpp(6726,27): warning C4244: “初始化”: 从“__int64”转换到“int”，可能丢失数据
D:\VSproject\QFUI\QFUI\QFNormallyCtrl.cpp(6729,54): warning C4244: “=”: 从“__int64”转换到“int”，可能丢失数据
D:\VSproject\QFUI\QFUI\QFNormallyCtrl.cpp(6974,109): warning C4244: “参数”: 从“double”转换到“FLOAT”，可能丢失数据
D:\VSproject\QFUI\QFUI\QFNormallyCtrl.cpp(6978,77): warning C4244: “参数”: 从“INT”转换到“Gdiplus::REAL”，可能丢失数据
D:\VSproject\QFUI\QFUI\QFNormallyCtrl.cpp(6984,30): warning C4244: “初始化”: 从“double”转换到“float”，可能丢失数据
D:\VSproject\QFUI\QFUI\QFNormallyCtrl.cpp(6991,116): warning C4244: “参数”: 从“double”转换到“FLOAT”，可能丢失数据
D:\VSproject\QFUI\QFUI\QFNormallyCtrl.cpp(6999,39): warning C4244: “初始化”: 从“double”转换到“float”，可能丢失数据
D:\VSproject\QFUI\QFUI\QFNormallyCtrl.cpp(7043,101): warning C4244: “参数”: 从“INT”转换到“Gdiplus::REAL”，可能丢失数据
D:\VSproject\QFUI\QFUI\QFNormallyCtrl.cpp(7049,30): warning C4244: “初始化”: 从“double”转换到“float”，可能丢失数据
D:\VSproject\QFUI\QFUI\QFNormallyCtrl.cpp(7056,116): warning C4244: “参数”: 从“double”转换到“FLOAT”，可能丢失数据
D:\VSproject\QFUI\QFUI\QFNormallyCtrl.cpp(7064,39): warning C4244: “初始化”: 从“double”转换到“float”，可能丢失数据
D:\VSproject\QFUI\QFUI\QFNormallyCtrl.cpp(7134,22): warning C4244: “初始化”: 从“double”转换到“float”，可能丢失数据
D:\VSproject\QFUI\QFUI\QFNormallyCtrl.cpp(7140,78): warning C4244: “参数”: 从“INT”转换到“Gdiplus::REAL”，可能丢失数据
D:\VSproject\QFUI\QFUI\QFNormallyCtrl.cpp(7140,133): warning C4244: “参数”: 从“int”转换到“Gdiplus::REAL”，可能丢失数据
D:\VSproject\QFUI\QFUI\QFNormallyCtrl.cpp(7140,130): warning C4244: “参数”: 从“int”转换到“Gdiplus::REAL”，可能丢失数据
D:\VSproject\QFUI\QFUI\QFNormallyCtrl.cpp(7148,23): warning C4244: “初始化”: 从“int”转换到“float”，可能丢失数据
D:\VSproject\QFUI\QFUI\QFNormallyCtrl.cpp(7171,22): warning C4244: “初始化”: 从“double”转换到“float”，可能丢失数据
D:\VSproject\QFUI\QFUI\QFNormallyCtrl.cpp(7177,104): warning C4244: “参数”: 从“INT”转换到“Gdiplus::REAL”，可能丢失数据
D:\VSproject\QFUI\QFUI\QFNormallyCtrl.cpp(7177,132): warning C4244: “参数”: 从“int”转换到“Gdiplus::REAL”，可能丢失数据
D:\VSproject\QFUI\QFUI\QFNormallyCtrl.cpp(7177,128): warning C4244: “参数”: 从“int”转换到“Gdiplus::REAL”，可能丢失数据
D:\VSproject\QFUI\QFUI\QFNormallyCtrl.cpp(7185,23): warning C4244: “初始化”: 从“int”转换到“float”，可能丢失数据
D:\VSproject\QFUI\QFUI\QFNormallyCtrl.cpp(7214,22): warning C4244: “初始化”: 从“double”转换到“float”，可能丢失数据
D:\VSproject\QFUI\QFUI\QFNormallyCtrl.cpp(7223,78): warning C4244: “参数”: 从“INT”转换到“Gdiplus::REAL”，可能丢失数据
D:\VSproject\QFUI\QFUI\QFNormallyCtrl.cpp(7223,134): warning C4244: “参数”: 从“int”转换到“Gdiplus::REAL”，可能丢失数据
D:\VSproject\QFUI\QFUI\QFNormallyCtrl.cpp(7223,130): warning C4244: “参数”: 从“int”转换到“Gdiplus::REAL”，可能丢失数据
D:\VSproject\QFUI\QFUI\QFNormallyCtrl.cpp(7226,40): warning C4244: “=”: 从“float”转换到“int”，可能丢失数据
D:\VSproject\QFUI\QFUI\QFNormallyCtrl.cpp(7227,69): warning C4244: “=”: 从“float”转换到“int”，可能丢失数据
D:\VSproject\QFUI\QFUI\QFNormallyCtrl.cpp(7241,22): warning C4244: “初始化”: 从“double”转换到“float”，可能丢失数据
D:\VSproject\QFUI\QFUI\QFNormallyCtrl.cpp(7250,105): warning C4244: “参数”: 从“INT”转换到“Gdiplus::REAL”，可能丢失数据
D:\VSproject\QFUI\QFUI\QFNormallyCtrl.cpp(7250,134): warning C4244: “参数”: 从“int”转换到“Gdiplus::REAL”，可能丢失数据
D:\VSproject\QFUI\QFUI\QFNormallyCtrl.cpp(7250,130): warning C4244: “参数”: 从“int”转换到“Gdiplus::REAL”，可能丢失数据
D:\VSproject\QFUI\QFUI\QFNormallyCtrl.cpp(7253,40): warning C4244: “=”: 从“float”转换到“int”，可能丢失数据
D:\VSproject\QFUI\QFUI\QFNormallyCtrl.cpp(7254,71): warning C4244: “=”: 从“float”转换到“int”，可能丢失数据
D:\VSproject\QFUI\QFUI\QFNormallyCtrl.cpp(7417,18): warning C4018: “<”: 有符号/无符号不匹配
D:\VSproject\QFUI\QFUI\QFNormallyCtrl.cpp(7459,1): warning C4005: “__EXTERN_FUN”: 宏重定义
D:\VSproject\QFUI\QFUI\QFNormallyCtrl.cpp(6823): message : 参见“__EXTERN_FUN”的前一个定义
D:\VSproject\QFUI\QFUI\QFNormallyCtrl.cpp(7534,54): warning C4244: “=”: 从“double”转换到“float”，可能丢失数据
D:\VSproject\QFUI\QFUI\QFNormallyCtrl.cpp(7563,54): warning C4244: “=”: 从“double”转换到“float”，可能丢失数据
D:\VSproject\QFUI\QFUI\QFNormallyCtrl.cpp(7749,100): warning C4244: “参数”: 从“double”转换到“FLOAT”，可能丢失数据
D:\VSproject\QFUI\QFUI\QFNormallyCtrl.cpp(7751,43): warning C4244: “参数”: 从“INT”转换到“Gdiplus::REAL”，可能丢失数据
D:\VSproject\QFUI\QFUI\QFNormallyCtrl.cpp(7751,29): warning C4244: “参数”: 从“INT”转换到“Gdiplus::REAL”，可能丢失数据
D:\VSproject\QFUI\QFUI\QFNormallyCtrl.cpp(7763,46): warning C4244: “=”: 从“double”转换到“Gdiplus::REAL”，可能丢失数据
D:\VSproject\QFUI\QFUI\QFNormallyCtrl.cpp(7797,112): warning C4244: “参数”: 从“double”转换到“FLOAT”，可能丢失数据
D:\VSproject\QFUI\QFUI\QFNormallyCtrl.cpp(7803,37): warning C4244: “初始化”: 从“INT”转换到“FLOAT”，可能丢失数据
D:\VSproject\QFUI\QFUI\QFNormallyCtrl.cpp(7803,51): warning C4244: “初始化”: 从“INT”转换到“FLOAT”，可能丢失数据
D:\VSproject\QFUI\QFUI\QFNormallyCtrl.cpp(7851,47): warning C4244: “=”: 从“double”转换到“Gdiplus::REAL”，可能丢失数据
D:\VSproject\QFUI\QFUI\QFNormallyCtrl.cpp(7873,112): warning C4244: “参数”: 从“double”转换到“FLOAT”，可能丢失数据
D:\VSproject\QFUI\QFUI\QFNormallyCtrl.cpp(7879,47): warning C4244: “初始化”: 从“INT”转换到“FLOAT”，可能丢失数据
D:\VSproject\QFUI\QFUI\QFNormallyCtrl.cpp(7879,61): warning C4244: “初始化”: 从“INT”转换到“FLOAT”，可能丢失数据
D:\VSproject\QFUI\QFUI\QFNormallyCtrl.cpp(7938,108): warning C4244: “参数”: 从“double”转换到“FLOAT”，可能丢失数据
D:\VSproject\QFUI\QFUI\QFNormallyCtrl.cpp(7944,33): warning C4244: “初始化”: 从“INT”转换到“FLOAT”，可能丢失数据
D:\VSproject\QFUI\QFUI\QFNormallyCtrl.cpp(7944,47): warning C4244: “初始化”: 从“INT”转换到“FLOAT”，可能丢失数据
D:\VSproject\QFUI\QFUI\QFNormallyCtrl.cpp(8155,1): warning C4005: “__EXTERN_FUN”: 宏重定义
D:\VSproject\QFUI\QFUI\QFNormallyCtrl.cpp(7459): message : 参见“__EXTERN_FUN”的前一个定义
D:\VSproject\QFUI\QFUI\QFNormallyCtrl.cpp(8225,36): warning C4244: “=”: 从“double”转换到“INT”，可能丢失数据
D:\VSproject\QFUI\QFUI\QFNormallyCtrl.cpp(8276,56): warning C4244: “参数”: 从“double”转换到“float”，可能丢失数据
D:\VSproject\QFUI\QFUI\QFNormallyCtrl.cpp(8277,67): warning C4244: “参数”: 从“double”转换到“float”，可能丢失数据
D:\VSproject\QFUI\QFUI\QFNormallyCtrl.cpp(8278,68): warning C4244: “参数”: 从“double”转换到“float”，可能丢失数据
D:\VSproject\QFUI\QFUI\QFNormallyCtrl.cpp(8279,63): warning C4244: “参数”: 从“double”转换到“float”，可能丢失数据
D:\VSproject\QFUI\QFUI\QFNormallyCtrl.cpp(8345,36): warning C4244: “=”: 从“double”转换到“INT”，可能丢失数据
D:\VSproject\QFUI\QFUI\QFNormallyCtrl.cpp(8494,102): warning C4244: “参数”: 从“double”转换到“FLOAT”，可能丢失数据
D:\VSproject\QFUI\QFUI\QFNormallyCtrl.cpp(8495,22): warning C4244: “初始化”: 从“double”转换到“float”，可能丢失数据
D:\VSproject\QFUI\QFUI\QFNormallyCtrl.cpp(8498,36): warning C4244: “=”: 从“double”转换到“float”，可能丢失数据
D:\VSproject\QFUI\QFUI\QFNormallyCtrl.cpp(8499,50): warning C4244: “=”: 从“INT”转换到“float”，可能丢失数据
D:\VSproject\QFUI\QFUI\QFNormallyCtrl.cpp(8502,51): warning C4244: “=”: 从“INT”转换到“float”，可能丢失数据
D:\VSproject\QFUI\QFUI\QFNormallyCtrl.cpp(8506,22): warning C4244: “初始化”: 从“double”转换到“float”，可能丢失数据
D:\VSproject\QFUI\QFUI\QFNormallyCtrl.cpp(8511,28): warning C4244: “参数”: 从“double”转换到“FLOAT”，可能丢失数据
D:\VSproject\QFUI\QFUI\QFNormallyCtrl.cpp(8511,19): warning C4244: “参数”: 从“double”转换到“FLOAT”，可能丢失数据
D:\VSproject\QFUI\QFUI\QFNormallyCtrl.cpp(8537,64): warning C4244: “初始化”: 从“INT”转换到“FLOAT”，可能丢失数据
D:\VSproject\QFUI\QFUI\QFNormallyCtrl.cpp(8537,78): warning C4244: “初始化”: 从“INT”转换到“FLOAT”，可能丢失数据
D:\VSproject\QFUI\QFUI\QFNormallyCtrl.cpp(8614,1): warning C4005: “__EXTERN_FUN”: 宏重定义
D:\VSproject\QFUI\QFUI\QFNormallyCtrl.cpp(8155): message : 参见“__EXTERN_FUN”的前一个定义
D:\VSproject\QFUI\QFUI\QFNormallyCtrl.cpp(8688,42): warning C4244: “初始化”: 从“INT”转换到“FLOAT”，可能丢失数据
D:\VSproject\QFUI\QFUI\QFNormallyCtrl.cpp(8688,56): warning C4244: “初始化”: 从“INT”转换到“FLOAT”，可能丢失数据
D:\VSproject\QFUI\QFUI\QFNormallyCtrl.cpp(8689,33): warning C4244: “初始化”: 从“double”转换到“float”，可能丢失数据
D:\VSproject\QFUI\QFUI\QFNormallyCtrl.cpp(8690,30): warning C4244: “初始化”: 从“double”转换到“float”，可能丢失数据
D:\VSproject\QFUI\QFUI\QFNormallyCtrl.cpp(8702,116): warning C4244: “参数”: 从“double”转换到“FLOAT”，可能丢失数据
D:\VSproject\QFUI\QFUI\QFNormallyCtrl.cpp(8703,46): warning C4244: “初始化”: 从“INT”转换到“FLOAT”，可能丢失数据
D:\VSproject\QFUI\QFUI\QFNormallyCtrl.cpp(8703,60): warning C4244: “初始化”: 从“INT”转换到“FLOAT”，可能丢失数据
D:\VSproject\QFUI\QFUI\QFNormallyCtrl.cpp(8717,114): warning C4244: “参数”: 从“double”转换到“FLOAT”，可能丢失数据
D:\VSproject\QFUI\QFUI\QFNormallyCtrl.cpp(8718,114): warning C4244: “参数”: 从“double”转换到“FLOAT”，可能丢失数据
D:\VSproject\QFUI\QFUI\QFNormallyCtrl.cpp(8729,48): warning C4244: “初始化”: 从“LONG”转换到“FLOAT”，可能丢失数据
D:\VSproject\QFUI\QFUI\QFNormallyCtrl.cpp(8732,35): warning C4244: “=”: 从“INT”转换到“FLOAT”，可能丢失数据
D:\VSproject\QFUI\QFUI\QFNormallyCtrl.cpp(8750,76): warning C4305: “参数”: 从“double”到“FLOAT”截断
D:\VSproject\QFUI\QFUI\QFNormallyCtrl.cpp(8767,27): warning C4244: “参数”: 从“INT”转换到“FLOAT”，可能丢失数据
D:\VSproject\QFUI\QFUI\QFNormallyCtrl.cpp(8766,27): warning C4244: “参数”: 从“INT”转换到“FLOAT”，可能丢失数据
D:\VSproject\QFUI\QFUI\QFNormallyCtrl.cpp(8776,78): warning C4244: “初始化”: 从“INT”转换到“FLOAT”，可能丢失数据
D:\VSproject\QFUI\QFUI\QFNormallyCtrl.cpp(8777,65): warning C4244: “初始化”: 从“double”转换到“FLOAT”，可能丢失数据
D:\VSproject\QFUI\QFUI\QFNormallyCtrl.cpp(8777,99): warning C4244: “初始化”: 从“double”转换到“FLOAT”，可能丢失数据
D:\VSproject\QFUI\QFUI\QFNormallyCtrl.cpp(8779,47): warning C4244: “初始化”: 从“double”转换到“FLOAT”，可能丢失数据
D:\VSproject\QFUI\QFUI\QFNormallyCtrl.cpp(8779,75): warning C4244: “初始化”: 从“double”转换到“FLOAT”，可能丢失数据
D:\VSproject\QFUI\QFUI\QFNormallyCtrl.cpp(8779,104): warning C4244: “初始化”: 从“double”转换到“FLOAT”，可能丢失数据
D:\VSproject\QFUI\QFUI\QFNormallyCtrl.cpp(8779,132): warning C4244: “初始化”: 从“double”转换到“FLOAT”，可能丢失数据
D:\VSproject\QFUI\QFUI\QFNormallyCtrl.cpp(8787,116): warning C4244: “参数”: 从“double”转换到“FLOAT”，可能丢失数据
D:\VSproject\QFUI\QFUI\QFNormallyCtrl.cpp(8788,116): warning C4244: “参数”: 从“double”转换到“FLOAT”，可能丢失数据
D:\VSproject\QFUI\QFUI\QFNormallyCtrl.cpp(8847,69): warning C4305: “参数”: 从“double”到“FLOAT”截断
D:\VSproject\QFUI\QFUI\QFNormallyCtrl.cpp(8864,76): warning C4244: “初始化”: 从“INT”转换到“FLOAT”，可能丢失数据
D:\VSproject\QFUI\QFUI\QFNormallyCtrl.cpp(8864,90): warning C4244: “初始化”: 从“INT”转换到“FLOAT”，可能丢失数据
D:\VSproject\QFUI\QFUI\QFNormallyCtrl.cpp(8865,26): warning C4244: “初始化”: 从“double”转换到“float”，可能丢失数据
D:\VSproject\QFUI\QFUI\QFNormallyCtrl.cpp(8865,72): warning C4244: “初始化”: 从“double”转换到“float”，可能丢失数据
D:\VSproject\QFUI\QFUI\QFNormallyCtrl.cpp(8868,30): warning C4244: “初始化”: 从“_Ty”转换到“float”，可能丢失数据
          with
          [
              _Ty=double
          ]
D:\VSproject\QFUI\QFUI\QFNormallyCtrl.cpp(8872,112): warning C4244: “参数”: 从“double”转换到“FLOAT”，可能丢失数据
D:\VSproject\QFUI\QFUI\QFNormallyCtrl.cpp(8872,57): warning C4244: “参数”: 从“double”转换到“FLOAT”，可能丢失数据
D:\VSproject\QFUI\QFUI\QFNormallyCtrl.cpp(8873,108): warning C4244: “参数”: 从“double”转换到“FLOAT”，可能丢失数据
D:\VSproject\QFUI\QFUI\QFNormallyCtrl.cpp(8873,53): warning C4244: “参数”: 从“double”转换到“FLOAT”，可能丢失数据
D:\VSproject\QFUI\QFUI\QFNormallyCtrl.cpp(8881,108): warning C4244: “参数”: 从“double”转换到“FLOAT”，可能丢失数据
D:\VSproject\QFUI\QFUI\QFNormallyCtrl.cpp(8881,53): warning C4244: “参数”: 从“double”转换到“FLOAT”，可能丢失数据
D:\VSproject\QFUI\QFUI\QFNormallyCtrl.cpp(8882,108): warning C4244: “参数”: 从“double”转换到“FLOAT”，可能丢失数据
D:\VSproject\QFUI\QFUI\QFNormallyCtrl.cpp(8882,53): warning C4244: “参数”: 从“double”转换到“FLOAT”，可能丢失数据
D:\VSproject\QFUI\QFUI\QFNormallyCtrl.cpp(9066,15): warning C4018: “>”: 有符号/无符号不匹配
D:\VSproject\QFUI\QFUI\QFNormallyCtrl.cpp(9079,15): warning C4018: “>”: 有符号/无符号不匹配
D:\VSproject\QFUI\QFUI\QFNormallyCtrl.cpp(9129,15): warning C4018: “>”: 有符号/无符号不匹配
D:\VSproject\QFUI\QFUI\QFNormallyCtrl.cpp(9140,15): warning C4018: “>”: 有符号/无符号不匹配
D:\VSproject\QFUI\QFUI\QFNormallyCtrl.cpp(9154,15): warning C4018: “>”: 有符号/无符号不匹配
D:\VSproject\QFUI\QFUI\QFNormallyCtrl.cpp(9184,15): warning C4018: “>”: 有符号/无符号不匹配
D:\VSproject\QFUI\QFUI\QFNormallyCtrl.cpp(9203,15): warning C4018: “>”: 有符号/无符号不匹配
D:\VSproject\QFUI\QFUI\QFNormallyCtrl.cpp(9222,15): warning C4018: “>”: 有符号/无符号不匹配
D:\VSproject\QFUI\QFUI\QFNormallyCtrl.cpp(9239,1): warning C4005: “__EXTERN_FUN”: 宏重定义
D:\VSproject\QFUI\QFUI\QFNormallyCtrl.cpp(8614): message : 参见“__EXTERN_FUN”的前一个定义
  QFButton.cpp
D:\VSproject\QFUI\QFUI\QFButton.cpp(41,48): warning C4244: “参数”: 从“INT”转换到“Gdiplus::REAL”，可能丢失数据
D:\VSproject\QFUI\QFUI\QFButton.cpp(41,34): warning C4244: “参数”: 从“INT”转换到“Gdiplus::REAL”，可能丢失数据
D:\VSproject\QFUI\QFUI\QFButton.cpp(43,92): warning C4244: “参数”: 从“double”转换到“Gdiplus::REAL”，可能丢失数据
D:\VSproject\QFUI\QFUI\QFButton.cpp(43,61): warning C4244: “参数”: 从“double”转换到“Gdiplus::REAL”，可能丢失数据
D:\VSproject\QFUI\QFUI\QFButton.cpp(57,55): warning C4244: “参数”: 从“INT”转换到“Gdiplus::REAL”，可能丢失数据
D:\VSproject\QFUI\QFUI\QFButton.cpp(57,41): warning C4244: “参数”: 从“INT”转换到“Gdiplus::REAL”，可能丢失数据
D:\VSproject\QFUI\QFUI\QFButton.cpp(61,48): warning C4244: “参数”: 从“INT”转换到“Gdiplus::REAL”，可能丢失数据
D:\VSproject\QFUI\QFUI\QFButton.cpp(71,28): warning C4305: “参数”: 从“double”到“Gdiplus::REAL”截断
D:\VSproject\QFUI\QFUI\QFButton.cpp(72,51): warning C4244: “参数”: 从“INT”转换到“Gdiplus::REAL”，可能丢失数据
D:\VSproject\QFUI\QFUI\QFButton.cpp(72,37): warning C4244: “参数”: 从“INT”转换到“Gdiplus::REAL”，可能丢失数据
  QFCtrlBase.cpp
D:\VSproject\QFUI\QFUI\QFCtrlBase.cpp(194,9): warning C4244: “参数”: 从“double”转换到“FLOAT”，可能丢失数据
D:\VSproject\QFUI\QFUI\QFCtrlBase.cpp(337,9): warning C4244: “参数”: 从“double”转换到“FLOAT”，可能丢失数据
D:\VSproject\QFUI\QFUI\QFCtrlBase.cpp(446,9): warning C4244: “参数”: 从“double”转换到“FLOAT”，可能丢失数据
D:\VSproject\QFUI\QFUI\QFCtrlBase.cpp(472,9): warning C4244: “参数”: 从“double”转换到“FLOAT”，可能丢失数据
D:\VSproject\QFUI\QFUI\QFCtrlBase.cpp(535,25): warning C4018: “>”: 有符号/无符号不匹配
  QFCtrlListener.cpp
  QFEdit.cpp
D:\VSproject\QFUI\QFUI\QFEdit.cpp(53,85): warning C4244: “参数”: 从“INT”转换到“Gdiplus::REAL”，可能丢失数据
D:\VSproject\QFUI\QFUI\QFEdit.cpp(58,48): warning C4244: “参数”: 从“INT”转换到“Gdiplus::REAL”，可能丢失数据
D:\VSproject\QFUI\QFUI\QFEdit.cpp(61,46): warning C4244: “=”: 从“Gdiplus::REAL”转换到“int”，可能丢失数据
D:\VSproject\QFUI\QFUI\QFEdit.cpp(113,122): warning C4244: “参数”: 从“Gdiplus::REAL”转换到“INT”，可能丢失数据
D:\VSproject\QFUI\QFUI\QFEdit.cpp(113,66): warning C4244: “参数”: 从“Gdiplus::REAL”转换到“INT”，可能丢失数据
D:\VSproject\QFUI\QFUI\QFEdit.cpp(215,26): warning C4018: “<”: 有符号/无符号不匹配
D:\VSproject\QFUI\QFUI\QFEdit.cpp(245,40): warning C4244: “参数”: 从“INT”转换到“Gdiplus::REAL”，可能丢失数据
D:\VSproject\QFUI\QFUI\QFEdit.cpp(251,13): warning C4244: “初始化”: 从“Gdiplus::REAL”转换到“int”，可能丢失数据
D:\VSproject\QFUI\QFUI\QFEdit.cpp(269,26): warning C4244: “=”: 从“float”转换到“int”，可能丢失数据
D:\VSproject\QFUI\QFUI\QFEdit.cpp(284,26): warning C4244: “=”: 从“float”转换到“int”，可能丢失数据
D:\VSproject\QFUI\QFUI\QFEdit.cpp(291,11): warning C4018: “<”: 有符号/无符号不匹配
D:\VSproject\QFUI\QFUI\QFEdit.cpp(294,22): warning C4244: “=”: 从“float”转换到“int”，可能丢失数据
D:\VSproject\QFUI\QFUI\QFEdit.cpp(301,22): warning C4244: “=”: 从“float”转换到“int”，可能丢失数据
D:\VSproject\QFUI\QFUI\QFEdit.cpp(352,44): warning C4244: “参数”: 从“INT”转换到“Gdiplus::REAL”，可能丢失数据
D:\VSproject\QFUI\QFUI\QFEdit.cpp(508,40): warning C4244: “参数”: 从“INT”转换到“Gdiplus::REAL”，可能丢失数据
D:\VSproject\QFUI\QFUI\QFEdit.cpp(517,28): warning C4244: “=”: 从“INT”转换到“Gdiplus::REAL”，可能丢失数据
D:\VSproject\QFUI\QFUI\QFEdit.cpp(532,40): warning C4244: “参数”: 从“INT”转换到“Gdiplus::REAL”，可能丢失数据
D:\VSproject\QFUI\QFUI\QFEdit.cpp(540,22): warning C4018: “<”: 有符号/无符号不匹配
D:\VSproject\QFUI\QFUI\QFEdit.cpp(547,28): warning C4244: “=”: 从“INT”转换到“Gdiplus::REAL”，可能丢失数据
D:\VSproject\QFUI\QFUI\QFEdit.cpp(557,36): warning C4244: “=”: 从“INT”转换到“Gdiplus::REAL”，可能丢失数据
D:\VSproject\QFUI\QFUI\QFEdit.cpp(576,40): warning C4244: “参数”: 从“INT”转换到“Gdiplus::REAL”，可能丢失数据
D:\VSproject\QFUI\QFUI\QFEdit.cpp(585,28): warning C4244: “=”: 从“INT”转换到“Gdiplus::REAL”，可能丢失数据
D:\VSproject\QFUI\QFUI\QFEdit.cpp(598,40): warning C4244: “参数”: 从“INT”转换到“Gdiplus::REAL”，可能丢失数据
D:\VSproject\QFUI\QFUI\QFEdit.cpp(605,28): warning C4244: “=”: 从“INT”转换到“Gdiplus::REAL”，可能丢失数据
D:\VSproject\QFUI\QFUI\QFEdit.cpp(615,36): warning C4244: “=”: 从“INT”转换到“Gdiplus::REAL”，可能丢失数据
D:\VSproject\QFUI\QFUI\QFEdit.cpp(629,40): warning C4244: “参数”: 从“INT”转换到“Gdiplus::REAL”，可能丢失数据
D:\VSproject\QFUI\QFUI\QFEdit.cpp(638,28): warning C4244: “=”: 从“INT”转换到“Gdiplus::REAL”，可能丢失数据
  QFLineChart.cpp
D:\VSproject\QFUI\QFUI\QFValuation.h(109,27): warning C4018: “<”: 有符号/无符号不匹配
D:\VSproject\QFUI\QFUI\QFLineChart.cpp(82,52): warning C4244: “参数”: 从“INT”转换到“Gdiplus::REAL”，可能丢失数据
D:\VSproject\QFUI\QFUI\QFLineChart.cpp(82,38): warning C4244: “参数”: 从“INT”转换到“Gdiplus::REAL”，可能丢失数据
D:\VSproject\QFUI\QFUI\QFLineChart.cpp(101,45): warning C4244: “参数”: 从“double”转换到“Gdiplus::REAL”，可能丢失数据
D:\VSproject\QFUI\QFUI\QFLineChart.cpp(103,110): warning C4244: “参数”: 从“double”转换到“Gdiplus::REAL”，可能丢失数据
D:\VSproject\QFUI\QFUI\QFLineChart.cpp(103,93): warning C4244: “参数”: 从“double”转换到“Gdiplus::REAL”，可能丢失数据
D:\VSproject\QFUI\QFUI\QFLineChart.cpp(103,69): warning C4244: “参数”: 从“double”转换到“Gdiplus::REAL”，可能丢失数据
D:\VSproject\QFUI\QFUI\QFLineChart.cpp(106,24): warning C4244: “初始化”: 从“double”转换到“float”，可能丢失数据
D:\VSproject\QFUI\QFUI\QFLineChart.cpp(107,22): warning C4244: “初始化”: 从“double”转换到“float”，可能丢失数据
D:\VSproject\QFUI\QFUI\QFLineChart.cpp(108,22): warning C4244: “初始化”: 从“double”转换到“float”，可能丢失数据
D:\VSproject\QFUI\QFUI\QFLineChart.cpp(110,69): warning C4244: “=”: 从“double”转换到“float”，可能丢失数据
D:\VSproject\QFUI\QFUI\QFLineChart.cpp(115,27): warning C4244: “初始化”: 从“double”转换到“float”，可能丢失数据
D:\VSproject\QFUI\QFUI\QFLineChart.cpp(116,74): warning C4244: “参数”: 从“double”转换到“Gdiplus::REAL”，可能丢失数据
D:\VSproject\QFUI\QFUI\QFLineChart.cpp(116,41): warning C4244: “参数”: 从“double”转换到“Gdiplus::REAL”，可能丢失数据
D:\VSproject\QFUI\QFUI\QFLineChart.cpp(120,51): warning C4244: “参数”: 从“double”转换到“Gdiplus::REAL”，可能丢失数据
D:\VSproject\QFUI\QFUI\QFLineChart.cpp(127,56): warning C4244: “参数”: 从“INT”转换到“Gdiplus::REAL”，可能丢失数据
D:\VSproject\QFUI\QFUI\QFLineChart.cpp(141,34): warning C4244: “=”: 从“double”转换到“float”，可能丢失数据
D:\VSproject\QFUI\QFUI\QFLineChart.cpp(142,29): warning C4244: “=”: 从“double”转换到“float”，可能丢失数据
D:\VSproject\QFUI\QFUI\QFLineChart.cpp(143,29): warning C4244: “=”: 从“double”转换到“float”，可能丢失数据
D:\VSproject\QFUI\QFUI\QFLineChart.cpp(145,71): warning C4244: “=”: 从“double”转换到“float”，可能丢失数据
D:\VSproject\QFUI\QFUI\QFLineChart.cpp(150,48): warning C4244: “参数”: 从“INT”转换到“Gdiplus::REAL”，可能丢失数据
D:\VSproject\QFUI\QFUI\QFLineChart.cpp(163,56): warning C4244: “参数”: 从“INT”转换到“Gdiplus::REAL”，可能丢失数据
D:\VSproject\QFUI\QFUI\QFLineChart.cpp(184,45): warning C4244: “参数”: 从“double”转换到“Gdiplus::REAL”，可能丢失数据
D:\VSproject\QFUI\QFUI\QFLineChart.cpp(188,48): warning C4244: “参数”: 从“INT”转换到“Gdiplus::REAL”，可能丢失数据
D:\VSproject\QFUI\QFUI\QFLineChart.cpp(203,79): warning C4244: “参数”: 从“double”转换到“Gdiplus::REAL”，可能丢失数据
D:\VSproject\QFUI\QFUI\QFLineChart.cpp(203,75): warning C4244: “参数”: 从“double”转换到“Gdiplus::REAL”，可能丢失数据
D:\VSproject\QFUI\QFUI\QFLineChart.cpp(212,70): warning C4244: “参数”: 从“double”转换到“Gdiplus::REAL”，可能丢失数据
D:\VSproject\QFUI\QFUI\QFLineChart.cpp(212,67): warning C4244: “参数”: 从“double”转换到“Gdiplus::REAL”，可能丢失数据
D:\VSproject\QFUI\QFUI\QFLineChart.cpp(212,55): warning C4244: “参数”: 从“double”转换到“Gdiplus::REAL”，可能丢失数据
D:\VSproject\QFUI\QFUI\QFLineChart.cpp(213,69): warning C4244: “参数”: 从“double”转换到“Gdiplus::REAL”，可能丢失数据
D:\VSproject\QFUI\QFUI\QFLineChart.cpp(213,57): warning C4244: “参数”: 从“double”转换到“Gdiplus::REAL”，可能丢失数据
D:\VSproject\QFUI\QFUI\QFLineChart.cpp(213,54): warning C4244: “参数”: 从“double”转换到“Gdiplus::REAL”，可能丢失数据
D:\VSproject\QFUI\QFUI\QFLineChart.cpp(219,35): warning C4244: “参数”: 从“double”转换到“Gdiplus::REAL”，可能丢失数据
D:\VSproject\QFUI\QFUI\QFLineChart.cpp(219,33): warning C4244: “参数”: 从“double”转换到“Gdiplus::REAL”，可能丢失数据
D:\VSproject\QFUI\QFUI\QFLineChart.cpp(226,84): warning C4244: “参数”: 从“float”转换到“int”，可能丢失数据
D:\VSproject\QFUI\QFUI\QFLineChart.cpp(226,56): warning C4244: “参数”: 从“float”转换到“int”，可能丢失数据
D:\VSproject\QFUI\QFUI\QFLineChart.cpp(226,28): warning C4244: “参数”: 从“float”转换到“int”，可能丢失数据
D:\VSproject\QFUI\QFUI\QFLineChart.cpp(225,86): warning C4244: “参数”: 从“float”转换到“int”，可能丢失数据
D:\VSproject\QFUI\QFUI\QFLineChart.cpp(225,58): warning C4244: “参数”: 从“float”转换到“int”，可能丢失数据
D:\VSproject\QFUI\QFUI\QFLineChart.cpp(225,30): warning C4244: “参数”: 从“float”转换到“int”，可能丢失数据
D:\VSproject\QFUI\QFUI\QFLineChart.cpp(235,51): warning C4244: “参数”: 从“INT”转换到“Gdiplus::REAL”，可能丢失数据
D:\VSproject\QFUI\QFUI\QFLineChart.cpp(242,61): warning C4244: “参数”: 从“double”转换到“Gdiplus::REAL”，可能丢失数据
D:\VSproject\QFUI\QFUI\QFLineChart.cpp(242,38): warning C4244: “参数”: 从“double”转换到“Gdiplus::REAL”，可能丢失数据
D:\VSproject\QFUI\QFUI\QFLineChart.cpp(244,74): warning C4244: “参数”: 从“double”转换到“Gdiplus::REAL”，可能丢失数据
D:\VSproject\QFUI\QFUI\QFLineChart.cpp(244,44): warning C4244: “参数”: 从“double”转换到“Gdiplus::REAL”，可能丢失数据
D:\VSproject\QFUI\QFUI\QFLineChart.cpp(245,37): warning C4244: “参数”: 从“double”转换到“Gdiplus::REAL”，可能丢失数据
D:\VSproject\QFUI\QFUI\QFLineChart.cpp(247,39): warning C4018: “<”: 有符号/无符号不匹配
D:\VSproject\QFUI\QFUI\QFLineChart.cpp(258,85): warning C4244: “参数”: 从“double”转换到“Gdiplus::REAL”，可能丢失数据
D:\VSproject\QFUI\QFUI\QFLineChart.cpp(259,61): warning C4244: “参数”: 从“double”转换到“Gdiplus::REAL”，可能丢失数据
D:\VSproject\QFUI\QFUI\QFLineChart.cpp(385,18): warning C4244: “=”: 从“double”转换到“float”，可能丢失数据
D:\VSproject\QFUI\QFUI\QFLineChart.cpp(397,18): warning C4244: “=”: 从“double”转换到“float”，可能丢失数据
D:\VSproject\QFUI\QFUI\QFLineChart.cpp(408,18): warning C4244: “=”: 从“double”转换到“float”，可能丢失数据
D:\VSproject\QFUI\QFUI\QFLineChart.cpp(415,18): warning C4244: “=”: 从“double”转换到“float”，可能丢失数据
D:\VSproject\QFUI\QFUI\QFLineChart.cpp(489,25): warning C4018: “>”: 有符号/无符号不匹配
D:\VSproject\QFUI\QFUI\QFLineChart.cpp(500,26): warning C4018: “>”: 有符号/无符号不匹配
D:\VSproject\QFUI\QFUI\QFLineChart.cpp(508,26): warning C4018: “>”: 有符号/无符号不匹配
D:\VSproject\QFUI\QFUI\QFLineChart.cpp(516,26): warning C4018: “>”: 有符号/无符号不匹配
D:\VSproject\QFUI\QFUI\QFLineChart.cpp(524,26): warning C4018: “>”: 有符号/无符号不匹配
D:\VSproject\QFUI\QFUI\QFLineChart.cpp(526,87): warning C4244: “参数”: 从“double”转换到“Gdiplus::REAL”，可能丢失数据
D:\VSproject\QFUI\QFUI\QFLineChart.cpp(526,65): warning C4244: “参数”: 从“double”转换到“Gdiplus::REAL”，可能丢失数据
D:\VSproject\QFUI\QFUI\QFLineChart.cpp(533,26): warning C4018: “>”: 有符号/无符号不匹配
D:\VSproject\QFUI\QFUI\QFLineChart.cpp(559,95): warning C4244: “参数”: 从“double”转换到“Gdiplus::REAL”，可能丢失数据
D:\VSproject\QFUI\QFUI\QFLineChart.cpp(559,47): warning C4244: “参数”: 从“double”转换到“Gdiplus::REAL”，可能丢失数据
D:\VSproject\QFUI\QFUI\QFLineChart.cpp(574,99): warning C4244: “参数”: 从“double”转换到“Gdiplus::REAL”，可能丢失数据
D:\VSproject\QFUI\QFUI\QFLineChart.cpp(574,47): warning C4244: “参数”: 从“double”转换到“Gdiplus::REAL”，可能丢失数据
  QFPButton.cpp
D:\VSproject\QFUI\QFUI\QFPButton.h(11,28): warning C4305: “初始化”: 从“double”到“float”截断
D:\VSproject\QFUI\QFUI\QFPButton.cpp(52,42): warning C4244: “=”: 从“double”转换到“float”，可能丢失数据
D:\VSproject\QFUI\QFUI\QFPButton.cpp(56,43): warning C4244: “=”: 从“double”转换到“float”，可能丢失数据
D:\VSproject\QFUI\QFUI\QFPButton.cpp(120,153): warning C4244: “参数”: 从“double”转换到“FLOAT”，可能丢失数据
D:\VSproject\QFUI\QFUI\QFPButton.cpp(120,132): warning C4244: “参数”: 从“double”转换到“FLOAT”，可能丢失数据
D:\VSproject\QFUI\QFUI\QFPButton.cpp(128,35): warning C4244: “=”: 从“double”转换到“float”，可能丢失数据
D:\VSproject\QFUI\QFUI\QFPButton.cpp(129,47): warning C4244: “初始化”: 从“INT”转换到“FLOAT”，可能丢失数据
D:\VSproject\QFUI\QFUI\QFPButton.cpp(129,61): warning C4244: “初始化”: 从“INT”转换到“FLOAT”，可能丢失数据
D:\VSproject\QFUI\QFUI\QFPButton.cpp(158,13): warning C4305: “参数”: 从“double”到“FLOAT”截断
D:\VSproject\QFUI\QFUI\QFPButton.cpp(169,64): warning C4244: “参数”: 从“double”转换到“FLOAT”，可能丢失数据
D:\VSproject\QFUI\QFUI\QFPButton.cpp(169,44): warning C4244: “参数”: 从“double”转换到“FLOAT”，可能丢失数据
D:\VSproject\QFUI\QFUI\QFPButton.cpp(171,30): warning C4838: 从“double”转换到“FLOAT”需要收缩转换
D:\VSproject\QFUI\QFUI\QFPButton.cpp(171,30): warning C4244: “初始化”: 从“double”转换到“FLOAT”，可能丢失数据
D:\VSproject\QFUI\QFUI\QFPButton.cpp(172,31): warning C4838: 从“double”转换到“FLOAT”需要收缩转换
D:\VSproject\QFUI\QFUI\QFPButton.cpp(172,31): warning C4244: “初始化”: 从“double”转换到“FLOAT”，可能丢失数据
D:\VSproject\QFUI\QFUI\QFPButton.cpp(202,64): warning C4244: “参数”: 从“double”转换到“FLOAT”，可能丢失数据
D:\VSproject\QFUI\QFUI\QFPButton.cpp(213,17): warning C4305: “参数”: 从“double”到“FLOAT”截断
D:\VSproject\QFUI\QFUI\QFPButton.cpp(224,68): warning C4244: “参数”: 从“double”转换到“FLOAT”，可能丢失数据
D:\VSproject\QFUI\QFUI\QFPButton.cpp(244,60): warning C4244: “=”: 从“double”转换到“FLOAT”，可能丢失数据
D:\VSproject\QFUI\QFUI\QFPButton.cpp(249,56): warning C4244: “=”: 从“double”转换到“FLOAT”，可能丢失数据
D:\VSproject\QFUI\QFUI\QFPButton.cpp(261,55): warning C4244: “=”: 从“double”转换到“FLOAT”，可能丢失数据
D:\VSproject\QFUI\QFUI\QFPButton.cpp(273,62): warning C4244: “=”: 从“double”转换到“FLOAT”，可能丢失数据
D:\VSproject\QFUI\QFUI\QFPButton.cpp(278,56): warning C4244: “=”: 从“double”转换到“FLOAT”，可能丢失数据
D:\VSproject\QFUI\QFUI\QFPButton.cpp(291,55): warning C4244: “=”: 从“double”转换到“FLOAT”，可能丢失数据
D:\VSproject\QFUI\QFUI\QFPButton.cpp(307,27): warning C4244: “初始化”: 从“double”转换到“float”，可能丢失数据
D:\VSproject\QFUI\QFUI\QFPButton.cpp(314,26): warning C4244: “初始化”: 从“double”转换到“float”，可能丢失数据
D:\VSproject\QFUI\QFUI\QFPButton.cpp(315,26): warning C4244: “初始化”: 从“double”转换到“float”，可能丢失数据
D:\VSproject\QFUI\QFUI\QFPButton.cpp(324,52): warning C4305: “参数”: 从“double”到“FLOAT”截断
D:\VSproject\QFUI\QFUI\QFPButton.cpp(352,52): warning C4305: “参数”: 从“double”到“FLOAT”截断
D:\VSproject\QFUI\QFUI\QFPButton.cpp(409,60): warning C4244: “初始化”: 从“INT”转换到“FLOAT”，可能丢失数据
D:\VSproject\QFUI\QFUI\QFPButton.cpp(409,74): warning C4244: “初始化”: 从“INT”转换到“FLOAT”，可能丢失数据
D:\VSproject\QFUI\QFUI\QFPButton.cpp(430,49): warning C4244: “=”: 从“double”转换到“float”，可能丢失数据
D:\VSproject\QFUI\QFUI\QFPButton.cpp(434,50): warning C4244: “=”: 从“double”转换到“float”，可能丢失数据
D:\VSproject\QFUI\QFUI\QFPButton.cpp(481,60): warning C4244: “初始化”: 从“INT”转换到“FLOAT”，可能丢失数据
D:\VSproject\QFUI\QFUI\QFPButton.cpp(481,74): warning C4244: “初始化”: 从“INT”转换到“FLOAT”，可能丢失数据
D:\VSproject\QFUI\QFUI\QFPButton.cpp(488,32): warning C4305: “=”: 从“double”到“float”截断
D:\VSproject\QFUI\QFUI\QFPButton.cpp(509,60): warning C4244: “初始化”: 从“INT”转换到“FLOAT”，可能丢失数据
D:\VSproject\QFUI\QFUI\QFPButton.cpp(509,74): warning C4244: “初始化”: 从“INT”转换到“FLOAT”，可能丢失数据
D:\VSproject\QFUI\QFUI\QFPButton.cpp(530,49): warning C4244: “=”: 从“double”转换到“float”，可能丢失数据
D:\VSproject\QFUI\QFUI\QFPButton.cpp(534,50): warning C4244: “=”: 从“double”转换到“float”，可能丢失数据
D:\VSproject\QFUI\QFUI\QFPButton.cpp(581,60): warning C4244: “初始化”: 从“INT”转换到“FLOAT”，可能丢失数据
D:\VSproject\QFUI\QFUI\QFPButton.cpp(581,74): warning C4244: “初始化”: 从“INT”转换到“FLOAT”，可能丢失数据
  QFPictureBox.cpp
  QFPopDialog.cpp
D:\VSproject\QFUI\QFUI\QFPopDialog.cpp(29,83): warning C4305: “参数”: 从“double”到“FLOAT”截断
D:\VSproject\QFUI\QFUI\QFPopDialog.cpp(30,54): warning C4244: “初始化”: 从“INT”转换到“FLOAT”，可能丢失数据
D:\VSproject\QFUI\QFUI\QFPopDialog.cpp(30,68): warning C4244: “初始化”: 从“INT”转换到“FLOAT”，可能丢失数据
D:\VSproject\QFUI\QFUI\QFPopDialog.cpp(82,102): warning C4244: “参数”: 从“double”转换到“FLOAT”，可能丢失数据
D:\VSproject\QFUI\QFUI\QFPopDialog.cpp(85,109): warning C4244: “参数”: 从“double”转换到“FLOAT”，可能丢失数据
D:\VSproject\QFUI\QFUI\QFPopDialog.cpp(100,45): warning C4244: “参数”: 从“INT”转换到“FLOAT”，可能丢失数据
D:\VSproject\QFUI\QFUI\QFPopDialog.cpp(121,40): warning C4244: “初始化”: 从“INT”转换到“FLOAT”，可能丢失数据
D:\VSproject\QFUI\QFUI\QFPopDialog.cpp(159,33): warning C4244: “参数”: 从“__int64”转换到“const unsigned int”，可能丢失数据
D:\VSproject\QFUI\QFUI\QFPopDialog.cpp(218,17): warning C4244: “初始化”: 从“float”转换到“int”，可能丢失数据
D:\VSproject\QFUI\QFUI\QFPopDialog.cpp(238,17): warning C4244: “初始化”: 从“float”转换到“int”，可能丢失数据
D:\VSproject\QFUI\QFUI\QFPopDialog.cpp(259,17): warning C4244: “初始化”: 从“float”转换到“int”，可能丢失数据
D:\VSproject\QFUI\QFUI\QFPopDialog.cpp(279,17): warning C4244: “初始化”: 从“float”转换到“int”，可能丢失数据
D:\VSproject\QFUI\QFUI\QFPopDialog.cpp(299,17): warning C4244: “初始化”: 从“float”转换到“int”，可能丢失数据
D:\VSproject\QFUI\QFUI\QFPopDialog.cpp(319,17): warning C4244: “初始化”: 从“float”转换到“int”，可能丢失数据
D:\VSproject\QFUI\QFUI\QFPopDialog.cpp(339,17): warning C4244: “初始化”: 从“float”转换到“int”，可能丢失数据
D:\VSproject\QFUI\QFUI\QFPopDialog.cpp(359,17): warning C4244: “初始化”: 从“float”转换到“int”，可能丢失数据
D:\VSproject\QFUI\QFUI\QFPopDialog.cpp(379,17): warning C4244: “初始化”: 从“float”转换到“int”，可能丢失数据
D:\VSproject\QFUI\QFUI\QFPopDialog.cpp(399,17): warning C4244: “初始化”: 从“float”转换到“int”，可能丢失数据
D:\VSproject\QFUI\QFUI\QFPopDialog.cpp(419,17): warning C4244: “初始化”: 从“float”转换到“int”，可能丢失数据
D:\VSproject\QFUI\QFUI\QFPopDialog.cpp(581,71): warning C4554: “&”: 检查运算符优先级是否存在的可能的错误；使用括号阐明优先级
D:\VSproject\QFUI\QFUI\QFPopDialog.cpp(605,71): warning C4554: “&”: 检查运算符优先级是否存在的可能的错误；使用括号阐明优先级
D:\VSproject\QFUI\QFUI\QFPopDialog.cpp(608,49): warning C4806: “&”: 不安全操作: 从类型“bool”提升到类型“int”的值不能等于给定的常量
D:\VSproject\QFUI\QFUI\QFPopDialog.cpp(608,53): warning C4554: “&”: 检查运算符优先级是否存在的可能的错误；使用括号阐明优先级
D:\VSproject\QFUI\QFUI\QFPopDialog.cpp(721,83): warning C4305: “参数”: 从“double”到“FLOAT”截断
D:\VSproject\QFUI\QFUI\QFPopDialog.cpp(722,42): warning C4244: “初始化”: 从“INT”转换到“FLOAT”，可能丢失数据
D:\VSproject\QFUI\QFUI\QFPopDialog.cpp(722,56): warning C4244: “初始化”: 从“INT”转换到“FLOAT”，可能丢失数据
D:\VSproject\QFUI\QFUI\QFPopDialog.cpp(743,75): warning C4305: “参数”: 从“double”到“FLOAT”截断
D:\VSproject\QFUI\QFUI\QFPopDialog.cpp(754,67): warning C4244: “初始化”: 从“INT”转换到“FLOAT”，可能丢失数据
D:\VSproject\QFUI\QFUI\QFPopDialog.cpp(757,89): warning C4244: “参数”: 从“double”转换到“FLOAT”，可能丢失数据
D:\VSproject\QFUI\QFUI\QFPopDialog.cpp(758,94): warning C4244: “参数”: 从“double”转换到“FLOAT”，可能丢失数据
D:\VSproject\QFUI\QFUI\QFPopDialog.cpp(770,52): warning C4244: “初始化”: 从“LONG”转换到“FLOAT”，可能丢失数据
D:\VSproject\QFUI\QFUI\QFPopDialog.cpp(802,110): warning C4244: “参数”: 从“double”转换到“FLOAT”，可能丢失数据
D:\VSproject\QFUI\QFUI\QFPopDialog.cpp(803,110): warning C4244: “参数”: 从“double”转换到“FLOAT”，可能丢失数据
D:\VSproject\QFUI\QFUI\QFPopDialog.cpp(903,42): warning C4244: “=”: 从“float”转换到“int”，可能丢失数据
D:\VSproject\QFUI\QFUI\QFPopDialog.cpp(921,46): warning C4244: “=”: 从“float”转换到“int”，可能丢失数据
D:\VSproject\QFUI\QFUI\QFPopDialog.cpp(923,17): warning C4018: “<”: 有符号/无符号不匹配
D:\VSproject\QFUI\QFUI\QFPopDialog.cpp(939,18): warning C4244: “=”: 从“float”转换到“short”，可能丢失数据
D:\VSproject\QFUI\QFUI\QFPopDialog.cpp(942,14): warning C4244: “初始化”: 从“float”转换到“int”，可能丢失数据
D:\VSproject\QFUI\QFUI\QFPopDialog.cpp(952,18): warning C4244: “=”: 从“int”转换到“float”，可能丢失数据
  QFProgressBarCar.cpp
D:\VSproject\QFUI\QFUI\QFProgressBarCar.cpp(217,51): warning C4244: “=”: 从“double”转换到“Gdiplus::REAL”，可能丢失数据
D:\VSproject\QFUI\QFUI\QFProgressBarCar.cpp(223,57): warning C4305: “参数”: 从“double”到“Gdiplus::REAL”截断
D:\VSproject\QFUI\QFUI\QFProgressBarCar.cpp(228,58): warning C4244: “参数”: 从“double”转换到“Gdiplus::REAL”，可能丢失数据
D:\VSproject\QFUI\QFUI\QFProgressBarCar.cpp(389,56): warning C4244: “参数”: 从“int”转换到“Gdiplus::REAL”，可能丢失数据
D:\VSproject\QFUI\QFUI\QFProgressBarCar.cpp(389,53): warning C4244: “参数”: 从“int”转换到“Gdiplus::REAL”，可能丢失数据
D:\VSproject\QFUI\QFUI\QFProgressBarCar.cpp(403,56): warning C4244: “参数”: 从“int”转换到“Gdiplus::REAL”，可能丢失数据
D:\VSproject\QFUI\QFUI\QFProgressBarCar.cpp(403,53): warning C4244: “参数”: 从“int”转换到“Gdiplus::REAL”，可能丢失数据
D:\VSproject\QFUI\QFUI\QFProgressBarCar.cpp(411,32): warning C4305: “参数”: 从“double”到“Gdiplus::REAL”截断
D:\VSproject\QFUI\QFUI\QFProgressBarCar.cpp(420,16): warning C4244: “=”: 从“float”转换到“int”，可能丢失数据
D:\VSproject\QFUI\QFUI\QFProgressBarCar.cpp(421,16): warning C4244: “=”: 从“float”转换到“int”，可能丢失数据
D:\VSproject\QFUI\QFUI\QFProgressBarCar.cpp(428,59): warning C4244: “参数”: 从“INT”转换到“const _Ty”，可能丢失数据
          with
          [
              _Ty=Gdiplus::REAL
          ]
D:\VSproject\QFUI\QFUI\QFProgressBarCar.cpp(428,45): warning C4244: “参数”: 从“INT”转换到“const _Ty”，可能丢失数据
          with
          [
              _Ty=Gdiplus::REAL
          ]
  QFReportForm.cpp
D:\VSproject\QFUI\QFUI\QFReportForm.cpp(89,15): warning C4018: “>=”: 有符号/无符号不匹配
D:\VSproject\QFUI\QFUI\QFReportForm.cpp(96,15): warning C4018: “>=”: 有符号/无符号不匹配
D:\VSproject\QFUI\QFUI\QFReportForm.cpp(146,94): warning C4244: “参数”: 从“INT”转换到“Gdiplus::REAL”，可能丢失数据
D:\VSproject\QFUI\QFUI\QFReportForm.cpp(146,87): warning C4244: “参数”: 从“double”转换到“Gdiplus::REAL”，可能丢失数据
D:\VSproject\QFUI\QFUI\QFReportForm.cpp(146,63): warning C4244: “参数”: 从“double”转换到“Gdiplus::REAL”，可能丢失数据
D:\VSproject\QFUI\QFUI\QFReportForm.cpp(151,97): warning C4244: “参数”: 从“double”转换到“Gdiplus::REAL”，可能丢失数据
D:\VSproject\QFUI\QFUI\QFReportForm.cpp(151,86): warning C4244: “参数”: 从“const INT”转换到“Gdiplus::REAL”，可能丢失数据
D:\VSproject\QFUI\QFUI\QFReportForm.cpp(151,68): warning C4244: “参数”: 从“double”转换到“Gdiplus::REAL”，可能丢失数据
D:\VSproject\QFUI\QFUI\QFReportForm.cpp(156,79): warning C4244: “参数”: 从“INT”转换到“Gdiplus::REAL”，可能丢失数据
D:\VSproject\QFUI\QFUI\QFReportForm.cpp(156,75): warning C4244: “参数”: 从“const INT”转换到“Gdiplus::REAL”，可能丢失数据
D:\VSproject\QFUI\QFUI\QFReportForm.cpp(161,79): warning C4244: “参数”: 从“INT”转换到“Gdiplus::REAL”，可能丢失数据
D:\VSproject\QFUI\QFUI\QFReportForm.cpp(161,60): warning C4244: “参数”: 从“const INT”转换到“Gdiplus::REAL”，可能丢失数据
D:\VSproject\QFUI\QFUI\QFReportForm.cpp(178,28): warning C4018: “>”: 有符号/无符号不匹配
D:\VSproject\QFUI\QFUI\QFReportForm.cpp(190,28): warning C4018: “>”: 有符号/无符号不匹配
D:\VSproject\QFUI\QFUI\QFReportForm.cpp(197,26): warning C4018: “<”: 有符号/无符号不匹配
D:\VSproject\QFUI\QFUI\QFReportForm.cpp(213,28): warning C4018: “>=”: 有符号/无符号不匹配
D:\VSproject\QFUI\QFUI\QFReportForm.cpp(236,25): warning C4018: “>=”: 有符号/无符号不匹配
D:\VSproject\QFUI\QFUI\QFReportForm.cpp(246,48): warning C4018: “>=”: 有符号/无符号不匹配
D:\VSproject\QFUI\QFUI\QFReportForm.cpp(255,28): warning C4018: “>”: 有符号/无符号不匹配
D:\VSproject\QFUI\QFUI\QFReportForm.cpp(276,24): warning C4018: “>”: 有符号/无符号不匹配
D:\VSproject\QFUI\QFUI\QFReportForm.cpp(280,30): warning C4018: “<”: 有符号/无符号不匹配
D:\VSproject\QFUI\QFUI\QFReportForm.cpp(287,38): warning C4018: “>”: 有符号/无符号不匹配
D:\VSproject\QFUI\QFUI\QFReportForm.cpp(367,28): warning C4018: “>”: 有符号/无符号不匹配
D:\VSproject\QFUI\QFUI\QFReportForm.cpp(380,26): warning C4018: “>”: 有符号/无符号不匹配
D:\VSproject\QFUI\QFUI\QFReportForm.cpp(383,23): warning C4018: “<=”: 有符号/无符号不匹配
D:\VSproject\QFUI\QFUI\QFReportForm.cpp(442,38): warning C4018: “<”: 有符号/无符号不匹配
D:\VSproject\QFUI\QFUI\QFReportForm.cpp(445,46): warning C4244: “参数”: 从“int”转换到“Gdiplus::REAL”，可能丢失数据
D:\VSproject\QFUI\QFUI\QFReportForm.cpp(445,43): warning C4244: “参数”: 从“int”转换到“Gdiplus::REAL”，可能丢失数据
D:\VSproject\QFUI\QFUI\QFReportForm.cpp(445,40): warning C4244: “参数”: 从“int”转换到“Gdiplus::REAL”，可能丢失数据
D:\VSproject\QFUI\QFUI\QFReportForm.cpp(445,34): warning C4244: “参数”: 从“int”转换到“Gdiplus::REAL”，可能丢失数据
D:\VSproject\QFUI\QFUI\QFReportForm.cpp(459,56): warning C4244: “参数”: 从“INT”转换到“Gdiplus::REAL”，可能丢失数据
D:\VSproject\QFUI\QFUI\QFReportForm.cpp(484,73): warning C4244: “参数”: 从“INT”转换到“Gdiplus::REAL”，可能丢失数据
D:\VSproject\QFUI\QFUI\QFReportForm.cpp(484,65): warning C4244: “参数”: 从“INT”转换到“Gdiplus::REAL”，可能丢失数据
D:\VSproject\QFUI\QFUI\QFReportForm.cpp(484,41): warning C4244: “参数”: 从“int”转换到“Gdiplus::REAL”，可能丢失数据
D:\VSproject\QFUI\QFUI\QFReportForm.cpp(499,34): warning C4018: “<”: 有符号/无符号不匹配
D:\VSproject\QFUI\QFUI\QFReportForm.cpp(514,50): warning C4244: “参数”: 从“int”转换到“Gdiplus::REAL”，可能丢失数据
D:\VSproject\QFUI\QFUI\QFReportForm.cpp(514,42): warning C4244: “参数”: 从“int”转换到“Gdiplus::REAL”，可能丢失数据
D:\VSproject\QFUI\QFUI\QFReportForm.cpp(514,31): warning C4244: “参数”: 从“int”转换到“Gdiplus::REAL”，可能丢失数据
D:\VSproject\QFUI\QFUI\QFReportForm.cpp(515,103): warning C4244: “参数”: 从“double”转换到“Gdiplus::REAL”，可能丢失数据
D:\VSproject\QFUI\QFUI\QFReportForm.cpp(515,71): warning C4244: “参数”: 从“double”转换到“Gdiplus::REAL”，可能丢失数据
D:\VSproject\QFUI\QFUI\QFReportForm.cpp(527,87): warning C4244: “参数”: 从“int”转换到“Gdiplus::REAL”，可能丢失数据
D:\VSproject\QFUI\QFUI\QFReportForm.cpp(527,75): warning C4244: “参数”: 从“int”转换到“Gdiplus::REAL”，可能丢失数据
D:\VSproject\QFUI\QFUI\QFReportForm.cpp(527,40): warning C4244: “参数”: 从“int”转换到“Gdiplus::REAL”，可能丢失数据
D:\VSproject\QFUI\QFUI\QFReportForm.cpp(536,49): warning C4244: “参数”: 从“int”转换到“Gdiplus::REAL”，可能丢失数据
D:\VSproject\QFUI\QFUI\QFReportForm.cpp(536,41): warning C4244: “参数”: 从“int”转换到“Gdiplus::REAL”，可能丢失数据
D:\VSproject\QFUI\QFUI\QFReportForm.cpp(536,30): warning C4244: “参数”: 从“int”转换到“Gdiplus::REAL”，可能丢失数据
D:\VSproject\QFUI\QFUI\QFReportForm.cpp(541,52): warning C4244: “参数”: 从“INT”转换到“Gdiplus::REAL”，可能丢失数据
D:\VSproject\QFUI\QFUI\QFReportForm.cpp(566,83): warning C4244: “参数”: 从“INT”转换到“Gdiplus::REAL”，可能丢失数据
D:\VSproject\QFUI\QFUI\QFReportForm.cpp(566,71): warning C4244: “参数”: 从“int”转换到“Gdiplus::REAL”，可能丢失数据
D:\VSproject\QFUI\QFUI\QFReportForm.cpp(566,53): warning C4244: “参数”: 从“int”转换到“Gdiplus::REAL”，可能丢失数据
D:\VSproject\QFUI\QFUI\QFReportForm.cpp(576,84): warning C4244: “参数”: 从“int”转换到“Gdiplus::REAL”，可能丢失数据
D:\VSproject\QFUI\QFUI\QFReportForm.cpp(576,76): warning C4244: “参数”: 从“INT”转换到“Gdiplus::REAL”，可能丢失数据
D:\VSproject\QFUI\QFUI\QFReportForm.cpp(576,56): warning C4244: “参数”: 从“int”转换到“Gdiplus::REAL”，可能丢失数据
  QFTabs.cpp
D:\VSproject\QFUI\QFUI\QFTabs.cpp(47,9): warning C4244: “参数”: 从“double”转换到“FLOAT”，可能丢失数据
D:\VSproject\QFUI\QFUI\QFTabs.cpp(141,52): warning C4244: “参数”: 从“INT”转换到“Gdiplus::REAL”，可能丢失数据
D:\VSproject\QFUI\QFUI\QFTabs.cpp(141,38): warning C4244: “参数”: 从“INT”转换到“Gdiplus::REAL”，可能丢失数据
D:\VSproject\QFUI\QFUI\QFTabs.cpp(160,108): warning C4244: “参数”: 从“unsigned long”转换到“FLOAT”，可能丢失数据
D:\VSproject\QFUI\QFUI\QFTabs.cpp(161,101): warning C4244: “参数”: 从“unsigned long”转换到“FLOAT”，可能丢失数据
D:\VSproject\QFUI\QFUI\QFTabs.cpp(162,81): warning C4244: “参数”: 从“double”转换到“FLOAT”，可能丢失数据
D:\VSproject\QFUI\QFUI\QFTabs.cpp(162,50): warning C4244: “参数”: 从“double”转换到“FLOAT”，可能丢失数据
D:\VSproject\QFUI\QFUI\QFTabs.cpp(167,34): warning C4018: “<”: 有符号/无符号不匹配
D:\VSproject\QFUI\QFUI\QFTabs.cpp(197,35): warning C4244: “=”: 从“double”转换到“FLOAT”，可能丢失数据
D:\VSproject\QFUI\QFUI\QFTabs.cpp(198,43): warning C4244: “=”: 从“double”转换到“FLOAT”，可能丢失数据
D:\VSproject\QFUI\QFUI\QFTabs.cpp(199,42): warning C4244: “=”: 从“double”转换到“FLOAT”，可能丢失数据
D:\VSproject\QFUI\QFUI\QFTabs.cpp(206,25): warning C4244: “参数”: 从“double”转换到“FLOAT”，可能丢失数据
D:\VSproject\QFUI\QFUI\QFTabs.cpp(205,24): warning C4244: “参数”: 从“double”转换到“FLOAT”，可能丢失数据
D:\VSproject\QFUI\QFUI\QFTabs.cpp(217,132): warning C4244: “参数”: 从“double”转换到“FLOAT”，可能丢失数据
D:\VSproject\QFUI\QFUI\QFTabs.cpp(217,106): warning C4244: “参数”: 从“double”转换到“FLOAT”，可能丢失数据
D:\VSproject\QFUI\QFUI\QFTabs.cpp(218,42): warning C4244: “参数”: 从“double”转换到“FLOAT”，可能丢失数据
D:\VSproject\QFUI\QFUI\QFTabs.cpp(218,33): warning C4244: “参数”: 从“double”转换到“FLOAT”，可能丢失数据
D:\VSproject\QFUI\QFUI\QFTabs.cpp(222,55): warning C4305: “参数”: 从“double”到“FLOAT”截断
D:\VSproject\QFUI\QFUI\QFTabs.cpp(229,131): warning C4244: “参数”: 从“double”转换到“FLOAT”，可能丢失数据
D:\VSproject\QFUI\QFUI\QFTabs.cpp(229,106): warning C4244: “参数”: 从“double”转换到“FLOAT”，可能丢失数据
D:\VSproject\QFUI\QFUI\QFTabs.cpp(229,78): warning C4244: “参数”: 从“double”转换到“FLOAT”，可能丢失数据
D:\VSproject\QFUI\QFUI\QFTabs.cpp(229,56): warning C4244: “参数”: 从“double”转换到“FLOAT”，可能丢失数据
D:\VSproject\QFUI\QFUI\QFTabs.cpp(244,42): warning C4244: “=”: 从“double”转换到“FLOAT”，可能丢失数据
D:\VSproject\QFUI\QFUI\QFTabs.cpp(283,96): warning C4244: “参数”: 从“double”转换到“int”，可能丢失数据
D:\VSproject\QFUI\QFUI\QFTabs.cpp(283,63): warning C4244: “参数”: 从“double”转换到“int”，可能丢失数据
D:\VSproject\QFUI\QFUI\QFTabs.cpp(321,74): warning C4244: “参数”: 从“double”转换到“int”，可能丢失数据
D:\VSproject\QFUI\QFUI\QFTabs.cpp(321,34): warning C4244: “参数”: 从“double”转换到“int”，可能丢失数据
D:\VSproject\QFUI\QFUI\QFTabs.cpp(362,17): warning C4244: “初始化”: 从“double”转换到“int”，可能丢失数据
D:\VSproject\QFUI\QFUI\QFTabs.cpp(518,71): warning C4554: “&”: 检查运算符优先级是否存在的可能的错误；使用括号阐明优先级
D:\VSproject\QFUI\QFUI\QFTabs.cpp(543,71): warning C4554: “&”: 检查运算符优先级是否存在的可能的错误；使用括号阐明优先级
D:\VSproject\QFUI\QFUI\QFTabs.cpp(546,49): warning C4806: “&”: 不安全操作: 从类型“bool”提升到类型“int”的值不能等于给定的常量
D:\VSproject\QFUI\QFUI\QFTabs.cpp(546,53): warning C4554: “&”: 检查运算符优先级是否存在的可能的错误；使用括号阐明优先级
D:\VSproject\QFUI\QFUI\QFTabs.cpp(688,30): warning C4018: “<”: 有符号/无符号不匹配
D:\VSproject\QFUI\QFUI\QFTabs.cpp(689,52): warning C4244: “初始化”: 从“int”转换到“FLOAT”，可能丢失数据
D:\VSproject\QFUI\QFUI\QFTabs.cpp(689,56): warning C4244: “初始化”: 从“int”转换到“FLOAT”，可能丢失数据
D:\VSproject\QFUI\QFUI\QFTabs.cpp(702,17): warning C4244: “初始化”: 从“double”转换到“int”，可能丢失数据
D:\VSproject\QFUI\QFUI\QFTabs.cpp(765,17): warning C4244: “初始化”: 从“double”转换到“int”，可能丢失数据
D:\VSproject\QFUI\QFUI\QFTabs.cpp(782,17): warning C4244: “初始化”: 从“double”转换到“int”，可能丢失数据
D:\VSproject\QFUI\QFUI\QFTabs.cpp(799,17): warning C4244: “初始化”: 从“double”转换到“int”，可能丢失数据
D:\VSproject\QFUI\QFUI\QFTabs.cpp(816,17): warning C4244: “初始化”: 从“double”转换到“int”，可能丢失数据
D:\VSproject\QFUI\QFUI\QFTabs.cpp(833,17): warning C4244: “初始化”: 从“double”转换到“int”，可能丢失数据
D:\VSproject\QFUI\QFUI\QFTabs.cpp(850,17): warning C4244: “初始化”: 从“double”转换到“int”，可能丢失数据
D:\VSproject\QFUI\QFUI\QFTabs.cpp(867,17): warning C4244: “初始化”: 从“double”转换到“int”，可能丢失数据
D:\VSproject\QFUI\QFUI\QFTabs.cpp(884,17): warning C4244: “初始化”: 从“double”转换到“int”，可能丢失数据
D:\VSproject\QFUI\QFUI\QFTabs.cpp(901,17): warning C4244: “初始化”: 从“double”转换到“int”，可能丢失数据
D:\VSproject\QFUI\QFUI\QFTabs.cpp(979,26): warning C4018: “<”: 有符号/无符号不匹配
D:\VSproject\QFUI\QFUI\QFPButton.h(11,28): warning C4305: “初始化”: 从“double”到“float”截断
D:\VSproject\QFUI\QFUI\QFNormallyCtrl.h(665,23): warning C4305: “初始化”: 从“double”到“float”截断
D:\VSproject\QFUI\QFUI\QFNormallyCtrl.h(864,20): warning C4305: “初始化”: 从“double”到“float”截断
D:\VSproject\QFUI\QFUI\QFTabs.cpp(1016,29): warning C4244: “-=”: 从“double”转换到“int”，可能丢失数据
D:\VSproject\QFUI\QFUI\QFTabs.cpp(1047,45): warning C4244: “参数”: 从“double”转换到“INT”，可能丢失数据
D:\VSproject\QFUI\QFUI\QFTabs.cpp(1054,34): warning C4018: “<”: 有符号/无符号不匹配
D:\VSproject\QFUI\QFUI\QFTabs.cpp(1122,38): warning C4244: “+=”: 从“double”转换到“int”，可能丢失数据
D:\VSproject\QFUI\QFUI\QFTabs.cpp(1132,45): warning C4244: “参数”: 从“double”转换到“INT”，可能丢失数据
D:\VSproject\QFUI\QFUI\QFTabs.cpp(1132,31): warning C4244: “参数”: 从“__int64”转换到“INT”，可能丢失数据
D:\VSproject\QFUI\QFUI\QFTabs.cpp(1134,105): warning C4244: “参数”: 从“double”转换到“__int64”，可能丢失数据
D:\VSproject\QFUI\QFUI\QFTabs.cpp(1150,28): warning C4018: “>=”: 有符号/无符号不匹配
D:\VSproject\QFUI\QFUI\QFTabs.cpp(1169,28): warning C4018: “>=”: 有符号/无符号不匹配
D:\VSproject\QFUI\QFUI\QFTabs.cpp(1209,28): warning C4018: “>=”: 有符号/无符号不匹配
D:\VSproject\QFUI\QFUI\QFTabs.cpp(1215,18): warning C4018: “<”: 有符号/无符号不匹配
D:\VSproject\QFUI\QFUI\QFTabs.cpp(1276,9): warning C4244: “参数”: 从“double”转换到“FLOAT”，可能丢失数据
D:\VSproject\QFUI\QFUI\QFTabs.cpp(1291,26): warning C4018: “<”: 有符号/无符号不匹配
D:\VSproject\QFUI\QFUI\QFTabs.cpp(1311,9): warning C4244: “参数”: 从“double”转换到“FLOAT”，可能丢失数据
D:\VSproject\QFUI\QFUI\QFTabs.cpp(1326,26): warning C4018: “<”: 有符号/无符号不匹配
D:\VSproject\QFUI\QFUI\QFTabs.cpp(1337,28): warning C4018: “>=”: 有符号/无符号不匹配
D:\VSproject\QFUI\QFUI\QFTabs.cpp(1349,28): warning C4018: “>=”: 有符号/无符号不匹配
  QFUI.cpp
D:\VSproject\QFUI\QFUI\QFPButton.h(11,28): warning C4305: “初始化”: 从“double”到“float”截断
D:\VSproject\QFUI\QFUI\QFNormallyCtrl.h(665,23): warning C4305: “初始化”: 从“double”到“float”截断
D:\VSproject\QFUI\QFUI\QFNormallyCtrl.h(864,20): warning C4305: “初始化”: 从“double”到“float”截断
D:\VSproject\QFUI\QFUI\QFUI.cpp(362,1): warning C4190: “GetRect”有指定的 C 链接，但返回了与 C 不兼容的 UDT“Gdiplus::Rect”
D:\Windows Kits\10\Include\10.0.19041.0\um\GdiplusTypes.h(539): message : 参见“Gdiplus::Rect”的声明
  QFUIBase.cpp
  QFUIWND.cpp
D:\VSproject\QFUI\QFUI\QFPButton.h(11,28): warning C4305: “初始化”: 从“double”到“float”截断
D:\VSproject\QFUI\QFUI\QFNormallyCtrl.h(665,23): warning C4305: “初始化”: 从“double”到“float”截断
D:\VSproject\QFUI\QFUI\QFNormallyCtrl.h(864,20): warning C4305: “初始化”: 从“double”到“float”截断
D:\VSproject\QFUI\QFUI\QFUIWND.cpp(369,30): warning C4244: “参数”: 从“__int64”转换到“INT”，可能丢失数据
D:\VSproject\QFUI\QFUI\QFUIWND.cpp(369,22): warning C4244: “参数”: 从“__int64”转换到“INT”，可能丢失数据
  QWMange.cpp
D:\VSproject\QFUI\QFUI\QWMange.cpp(403,71): warning C4554: “&”: 检查运算符优先级是否存在的可能的错误；使用括号阐明优先级
D:\VSproject\QFUI\QFUI\QWMange.cpp(427,71): warning C4554: “&”: 检查运算符优先级是否存在的可能的错误；使用括号阐明优先级
D:\VSproject\QFUI\QFUI\QWMange.cpp(430,49): warning C4806: “&”: 不安全操作: 从类型“bool”提升到类型“int”的值不能等于给定的常量
D:\VSproject\QFUI\QFUI\QWMange.cpp(430,53): warning C4554: “&”: 检查运算符优先级是否存在的可能的错误；使用括号阐明优先级
D:\VSproject\QFUI\QFUI\QWMange.cpp(586,36): warning C4477: “printf”: 格式字符串“%x”需要类型“unsigned int”的参数，但可变参数 1 拥有了类型“QWND *”
D:\VSproject\QFUI\QFUI\QWMange.cpp(586,36): warning C4477: “printf”: 格式字符串“%x”需要类型“unsigned int”的参数，但可变参数 2 拥有了类型“QWND *”
D:\VSproject\QFUI\QFUI\QWMange.cpp(600,28): warning C4477: “printf”: 格式字符串“%x”需要类型“unsigned int”的参数，但可变参数 1 拥有了类型“QWND *”
D:\VSproject\QFUI\QFUI\QWMange.cpp(600,28): warning C4477: “printf”: 格式字符串“%x”需要类型“unsigned int”的参数，但可变参数 2 拥有了类型“QWND *”
D:\VSproject\QFUI\QFUI\QWMange.cpp(600,28): warning C4477: “printf”: 格式字符串“%x”需要类型“unsigned int”的参数，但可变参数 3 拥有了类型“QWND *”
D:\VSproject\QFUI\QFUI\QWMange.cpp(938,33): warning C4244: “参数”: 从“__int64”转换到“const unsigned int”，可能丢失数据
D:\VSproject\QFUI\QFUI\QWMange.cpp(996,25): warning C4018: “>”: 有符号/无符号不匹配
  正在编译...
  QWNDHandle.cpp
    正在创建库 D:\VSproject\QFUI\Release\QWNDHandle.lib 和对象 D:\VSproject\QFUI\Release\QWNDHandle.exp
LINK : warning LNK4098: 默认库“LIBCMT”与其他库的使用冲突；请使用 /NODEFAULTLIB:library
  正在生成代码
  Previous IPDB not found, fall back to full compilation.
D:\VSproject\QFUI\QFUI\QFUIWND.cpp(77): warning C4715: “QWND::GetSubCtrlCount”: 不是所有的控件路径都返回值
D:\VSproject\QFUI\QFUI\QFPopDialog.cpp(196): warning C4715: “QPopDialog::TransferMessage”: 不是所有的控件路径都返回值
D:\VSproject\QFUI\QFUI\QWMange.cpp(985): warning C4715: “QWMange::TransferMessage”: 不是所有的控件路径都返回值
D:\VSproject\QFUI\QFUI\QFNormallyCtrl.cpp(3722): warning C4715: “QVLayout::RemoveCtrl”: 不是所有的控件路径都返回值
D:\VSproject\QFUI\QFUI\QFNormallyCtrl.cpp(2868): warning C4715: “QHLayout::RemoveCtrl”: 不是所有的控件路径都返回值
D:\VSproject\QFUI\QFUI\QFUIBase.cpp(44): warning C4715: “QFUIBase::RemoveAttribute”: 不是所有的控件路径都返回值
D:\VSproject\QFUI\QFUI\QFReportForm.cpp(243): warning C4715: “QReportForm::RemoveRecorder”: 不是所有的控件路径都返回值
  All 4898 functions were compiled because no usable IPDB/IOBJ from previous compilation was found.
  已完成代码的生成
  QFUI.vcxproj -> D:\VSproject\QFUI\Release\QWNDHandle.dll
