d:\vsproject\qfui\qfui\release\qwndhandle.pch
d:\vsproject\qfui\qfui\release\vc142.pdb
d:\vsproject\qfui\qfui\release\pch.obj
d:\vsproject\qfui\qfui\release\qwmange.obj
d:\vsproject\qfui\qfui\release\qfuiwnd.obj
d:\vsproject\qfui\qfui\release\qfuibase.obj
d:\vsproject\qfui\qfui\release\qfui.obj
d:\vsproject\qfui\qfui\release\qftabs.obj
d:\vsproject\qfui\qfui\release\qfreportform.obj
d:\vsproject\qfui\qfui\release\qfprogressbarcar.obj
d:\vsproject\qfui\qfui\release\qfpopdialog.obj
d:\vsproject\qfui\qfui\release\qfpicturebox.obj
d:\vsproject\qfui\qfui\release\qfpbutton.obj
d:\vsproject\qfui\qfui\release\qflinechart.obj
d:\vsproject\qfui\qfui\release\qfedit.obj
d:\vsproject\qfui\qfui\release\qfctrllistener.obj
d:\vsproject\qfui\qfui\release\qfctrlbase.obj
d:\vsproject\qfui\qfui\release\qfbutton.obj
d:\vsproject\qfui\qfui\release\qfnormallyctrl.obj
d:\vsproject\qfui\qfui\release\qfmsgmodule.obj
d:\vsproject\qfui\qfui\release\qfcatlctrl.obj
d:\vsproject\qfui\qfui\release\dllmain.obj
d:\vsproject\qfui\qfui\release\caicoalgorithm.obj
d:\vsproject\qfui\qfui\release\qwndhandle.obj
d:\vsproject\qfui\release\qwndhandle.dll
d:\vsproject\qfui\qfui\release\qwndhandle.ipdb
d:\vsproject\qfui\qfui\release\qwndhandle.iobj
d:\vsproject\qfui\release\qwndhandle.pdb
d:\vsproject\qfui\release\qwndhandle.lib
d:\vsproject\qfui\release\qwndhandle.exp
d:\vsproject\qfui\qfui\release\qwndhandle.tlog\cl.command.1.tlog
d:\vsproject\qfui\qfui\release\qwndhandle.tlog\cl.read.1.tlog
d:\vsproject\qfui\qfui\release\qwndhandle.tlog\cl.write.1.tlog
d:\vsproject\qfui\qfui\release\qwndhandle.tlog\link.command.1.tlog
d:\vsproject\qfui\qfui\release\qwndhandle.tlog\link.delete.1.tlog
d:\vsproject\qfui\qfui\release\qwndhandle.tlog\link.read.1.tlog
d:\vsproject\qfui\qfui\release\qwndhandle.tlog\link.write.1.tlog
d:\vsproject\qfui\qfui\release\qwndhandle.tlog\qwndhandle.write.1u.tlog
