d:\vsproject\qfui\qfui\debug\qwndhandle.pch
d:\vsproject\qfui\qfui\debug\vc142.pdb
d:\vsproject\qfui\qfui\debug\vc142.idb
d:\vsproject\qfui\qfui\debug\pch.obj
d:\vsproject\qfui\qfui\debug\qwmange.obj
d:\vsproject\qfui\qfui\debug\qfuiwnd.obj
d:\vsproject\qfui\qfui\debug\qfuibase.obj
d:\vsproject\qfui\qfui\debug\qfui.obj
d:\vsproject\qfui\qfui\debug\qftabs.obj
d:\vsproject\qfui\qfui\debug\qfreportform.obj
d:\vsproject\qfui\qfui\debug\qfprogressbarcar.obj
d:\vsproject\qfui\qfui\debug\qfpopdialog.obj
d:\vsproject\qfui\qfui\debug\qfpicturebox.obj
d:\vsproject\qfui\qfui\debug\qfpbutton.obj
d:\vsproject\qfui\qfui\debug\qflinechart.obj
d:\vsproject\qfui\qfui\debug\qfedit.obj
d:\vsproject\qfui\qfui\debug\qfctrllistener.obj
d:\vsproject\qfui\qfui\debug\qfctrlbase.obj
d:\vsproject\qfui\qfui\debug\qfbutton.obj
d:\vsproject\qfui\qfui\debug\qfnormallyctrl.obj
d:\vsproject\qfui\qfui\debug\qfmsgmodule.obj
d:\vsproject\qfui\qfui\debug\qfcatlctrl.obj
d:\vsproject\qfui\qfui\debug\dllmain.obj
d:\vsproject\qfui\qfui\debug\caicoalgorithm.obj
d:\vsproject\qfui\qfui\debug\qwndhandle.obj
d:\vsproject\qfui\debug\qwndhandle.dll
d:\vsproject\qfui\qfui\debug\qwndhandle.ilk
d:\vsproject\qfui\debug\qwndhandle.pdb
d:\vsproject\qfui\debug\qwndhandle.lib
d:\vsproject\qfui\debug\qwndhandle.exp
d:\vsproject\qfui\qfui\debug\qwndhandle.tlog\cl.command.1.tlog
d:\vsproject\qfui\qfui\debug\qwndhandle.tlog\cl.read.1.tlog
d:\vsproject\qfui\qfui\debug\qwndhandle.tlog\cl.write.1.tlog
d:\vsproject\qfui\qfui\debug\qwndhandle.tlog\link.7532.delete.1.tlog
d:\vsproject\qfui\qfui\debug\qwndhandle.tlog\link.command.1.tlog
d:\vsproject\qfui\qfui\debug\qwndhandle.tlog\link.read.1.tlog
d:\vsproject\qfui\qfui\debug\qwndhandle.tlog\link.write.1.tlog
d:\vsproject\qfui\qfui\debug\qwndhandle.tlog\qwndhandle.write.1u.tlog
