d:\vsproject\qfui\displaywindow\debug\vc142.pdb
d:\vsproject\qfui\displaywindow\debug\vc142.idb
d:\vsproject\qfui\displaywindow\debug\qwmange.obj
d:\vsproject\qfui\displaywindow\debug\qfxmlrelolver.obj
d:\vsproject\qfui\displaywindow\debug\qfwindow.obj
d:\vsproject\qfui\displaywindow\debug\qfuirenderer.obj
d:\vsproject\qfui\displaywindow\debug\qfuibase.obj
d:\vsproject\qfui\displaywindow\debug\qftabs.obj
d:\vsproject\qfui\displaywindow\debug\qfreportform.obj
d:\vsproject\qfui\displaywindow\debug\qfprogressbarcar.obj
d:\vsproject\qfui\displaywindow\debug\qfpicturebox.obj
d:\vsproject\qfui\displaywindow\debug\qflinechart.obj
d:\vsproject\qfui\displaywindow\debug\qffrequentlyctrl.obj
d:\vsproject\qfui\displaywindow\debug\qfedit.obj
d:\vsproject\qfui\displaywindow\debug\qfctrllistener.obj
d:\vsproject\qfui\displaywindow\debug\qfbutton.obj
d:\vsproject\qfui\displaywindow\debug\qf3dctrl.obj
d:\vsproject\qfui\displaywindow\debug\qfcatlctrl.obj
d:\vsproject\qfui\displaywindow\debug\main.obj
d:\vsproject\qfui\displaywindow\debug\dllimportqwnd.obj
d:\vsproject\qfui\displaywindow\debug\demo1.obj
d:\vsproject\qfui\displaywindow\debug\demo.obj
d:\vsproject\qfui\displaywindow\debug\tinyxml2.obj
d:\vsproject\qfui\displaywindow\debug\qwndhandle.obj
d:\vsproject\qfui\displaywindow\debug\displaywindow.ilk
d:\vsproject\qfui\debug\displaywindow.exe
d:\vsproject\qfui\debug\displaywindow.pdb
d:\vsproject\qfui\displaywindow\debug\displaywindow.tlog\cl.command.1.tlog
d:\vsproject\qfui\displaywindow\debug\displaywindow.tlog\cl.read.1.tlog
d:\vsproject\qfui\displaywindow\debug\displaywindow.tlog\cl.write.1.tlog
d:\vsproject\qfui\displaywindow\debug\displaywindow.tlog\link.command.1.tlog
d:\vsproject\qfui\displaywindow\debug\displaywindow.tlog\link.read.1.tlog
d:\vsproject\qfui\displaywindow\debug\displaywindow.tlog\link.write.1.tlog
