d:\vsproject\qfui\qfuieditor\debug\vc142.pdb
d:\vsproject\qfui\qfuieditor\debug\vc142.idb
d:\vsproject\qfui\qfuieditor\debug\tinyxml2.obj
d:\vsproject\qfui\qfuieditor\debug\main.obj
d:\vsproject\qfui\qfuieditor\debug\qwndhandle.obj
d:\vsproject\qfui\qfuieditor\debug\qwmange.obj
d:\vsproject\qfui\qfuieditor\debug\qfxmlrelolver.obj
d:\vsproject\qfui\qfuieditor\debug\qfwindow.obj
d:\vsproject\qfui\qfuieditor\debug\qfuirenderer.obj
d:\vsproject\qfui\qfuieditor\debug\qfuibase.obj
d:\vsproject\qfui\qfuieditor\debug\qftabs.obj
d:\vsproject\qfui\qfuieditor\debug\qfreportform.obj
d:\vsproject\qfui\qfuieditor\debug\qfprogressbarcar.obj
d:\vsproject\qfui\qfuieditor\debug\qfpicturebox.obj
d:\vsproject\qfui\qfuieditor\debug\qflinechart.obj
d:\vsproject\qfui\qfuieditor\debug\qffrequentlyctrl.obj
d:\vsproject\qfui\qfuieditor\debug\qfedit.obj
d:\vsproject\qfui\qfuieditor\debug\qfctrllistener.obj
d:\vsproject\qfui\qfuieditor\debug\qfcatlctrl.obj
d:\vsproject\qfui\qfuieditor\debug\qfbutton.obj
d:\vsproject\qfui\qfuieditor\debug\qf3dctrl.obj
d:\vsproject\qfui\qfuieditor\debug\dllimportqwnd.obj
d:\vsproject\qfui\debug\qfuieditor.exe
d:\vsproject\qfui\qfuieditor\debug\qfuieditor.ilk
d:\vsproject\qfui\debug\qfuieditor.pdb
d:\vsproject\qfui\debug\qfuieditor.lib
d:\vsproject\qfui\debug\qfuieditor.exp
d:\vsproject\qfui\qfuieditor\debug\qfuieditor.tlog\cl.command.1.tlog
d:\vsproject\qfui\qfuieditor\debug\qfuieditor.tlog\cl.read.1.tlog
d:\vsproject\qfui\qfuieditor\debug\qfuieditor.tlog\cl.write.1.tlog
d:\vsproject\qfui\qfuieditor\debug\qfuieditor.tlog\link.command.1.tlog
d:\vsproject\qfui\qfuieditor\debug\qfuieditor.tlog\link.read.1.tlog
d:\vsproject\qfui\qfuieditor\debug\qfuieditor.tlog\link.write.1.tlog
d:\vsproject\qfui\qfuieditor\debug\qfuieditor.tlog\qfuieditor.write.1u.tlog
