d:\vsproject\qfui\qfsource\debug\qfsource.pch
d:\vsproject\qfui\qfsource\debug\vc142.pdb
d:\vsproject\qfui\qfsource\debug\vc142.idb
d:\vsproject\qfui\qfsource\debug\pch.obj
d:\vsproject\qfui\qfsource\debug\dllmain.obj
d:\vsproject\qfui\qfsource\debug\qfsource.ilk
d:\vsproject\qfui\debug\qfsource.dll
d:\vsproject\qfui\debug\qfsource.pdb
d:\vsproject\qfui\debug\qfsource.lib
d:\vsproject\qfui\debug\qfsource.exp
d:\vsproject\qfui\qfsource\debug\resource.res
d:\vsproject\qfui\qfsource\debug\qfsource.tlog\cl.command.1.tlog
d:\vsproject\qfui\qfsource\debug\qfsource.tlog\cl.read.1.tlog
d:\vsproject\qfui\qfsource\debug\qfsource.tlog\cl.write.1.tlog
d:\vsproject\qfui\qfsource\debug\qfsource.tlog\link.command.1.tlog
d:\vsproject\qfui\qfsource\debug\qfsource.tlog\link.read.1.tlog
d:\vsproject\qfui\qfsource\debug\qfsource.tlog\link.write.1.tlog
d:\vsproject\qfui\qfsource\debug\qfsource.tlog\qfsource.write.1u.tlog
d:\vsproject\qfui\qfsource\debug\qfsource.tlog\rc.command.1.tlog
d:\vsproject\qfui\qfsource\debug\qfsource.tlog\rc.read.1.tlog
d:\vsproject\qfui\qfsource\debug\qfsource.tlog\rc.write.1.tlog
